[Global] GET /api/prophecies - Status: 304 - Origin: http://localhost:3000 - Duration: 75ms
[Global] GET /api/prophecy-highlight - Status: 304 - Origin: http://localhost:3000 - Duration: 19ms
[Global] GET /api/prophecies - Status: 304 - Origin: http://localhost:3000 - Duration: 99ms
[Global] GET /api/prophecy-highlight - Status: 304 - Origin: http://localhost:3000 - Duration: 2ms
[Global] GET /api/youtube - Status: 200 - Origin: undefined - Duration: 149ms
[Global] GET /api/youtube - Status: 304 - Origin: undefined - Duration: 416ms
[Global] GET /api/prophecies - Status: 304 - Origin: http://localhost:3000 - Duration: 193ms
[Global] GET /api/prophecy-highlight - Status: 304 - Origin: http://localhost:3000 - Duration: 2ms
[Global] GET /api/prophecies - Status: 304 - Origin: http://localhost:3000 - Duration: 181ms
[Global] GET /api/prophecy-highlight - Status: 304 - Origin: http://localhost:3000 - Duration: 6ms
[Global] GET / - Status: 200 - Origin: undefined - Duration: 14ms
[Global] GET / - Status: 304 - Origin: undefined - Duration: 9ms
[Global] GET /static/css/main.c7fbb57e.css - Status: 200 - Origin: undefined - Duration: 8ms
[Global] GET /static/js/main.0023f6c1.js - Status: 200 - Origin: undefined - Duration: 37ms
[Global] GET /static/js/main.0023f6c1.js - Status: 304 - Origin: undefined - Duration: 6ms
[Global] GET /static/css/main.c7fbb57e.css - Status: 304 - Origin: undefined - Duration: 9ms
[Global] GET /assets/images/Slide3.jpg - Status: 200 - Origin: undefined - Duration: 44ms
[Global] GET /assets/images/temple-bg.jpg - Status: 200 - Origin: undefined - Duration: 151ms
[Global] GET /assets/images/Slide2.jpg - Status: 200 - Origin: undefined - Duration: 186ms
[Global] GET /assets/images/Slide2.jpg - Status: 304 - Origin: undefined - Duration: 1ms
[Global] GET /assets/images/Slide3.jpg - Status: 304 - Origin: undefined - Duration: 1ms
[Global] GET /assets/images/Slide1.jpg - Status: 304 - Origin: undefined - Duration: 42ms
[Global] GET /assets/images/Slide1.jpg - Status: 200 - Origin: undefined - Duration: 329ms
[Global] GET /api/youtube - Status: 200 - Origin: undefined - Duration: 398ms
[Global] GET /manifest.json - Status: 200 - Origin: undefined - Duration: 8ms
[Global] GET /favicon.ico - Status: 200 - Origin: undefined - Duration: 17ms
[Global] GET /api/prophecy-highlight - Status: 304 - Origin: undefined - Duration: 3ms
[Global] GET /api/prophecies - Status: 200 - Origin: undefined - Duration: 130ms
[Global] GET /api/announcements - Status: 200 - Origin: undefined - Duration: 4ms
[Global] GET /api/prophecies - Status: 304 - Origin: undefined - Duration: 137ms
[Global] GET /favicon.ico - Status: 304 - Origin: undefined - Duration: 4ms
[Global] GET /api/announcements/1768720079847 - Status: 200 - Origin: undefined - Duration: 3ms
[Global] GET /favicon.ico - Status: 304 - Origin: undefined - Duration: 2ms
[Global] GET /api/prophecies - Status: 304 - Origin: undefined - Duration: 114ms
[Global] GET /api/announcements - Status: 304 - Origin: undefined - Duration: 13ms
[Global] GET /favicon.ico - Status: 304 - Origin: undefined - Duration: 4ms
[Global] GET /api/prophecies - Status: 304 - Origin: undefined - Duration: 76ms
[Global] GET /api/prophecy-highlight - Status: 304 - Origin: undefined - Duration: 4ms
[Global] GET /favicon.ico - Status: 304 - Origin: undefined - Duration: 2ms
[Global] GET /api/announcements - Status: 304 - Origin: undefined - Duration: 1ms
[Global] GET /favicon.ico - Status: 304 - Origin: undefined - Duration: 2ms
[Global] GET /api/prarthana - Status: 200 - Origin: undefined - Duration: 9ms
[Global] GET /favicon.ico - Status: 304 - Origin: undefined - Duration: 4ms
[Global] GET /api/prophecies - Status: 304 - Origin: undefined - Duration: 115ms
[Global] GET /api/prophecy-highlight - Status: 304 - Origin: undefined - Duration: 4ms
[Global] GET /favicon.ico - Status: 304 - Origin: undefined - Duration: 3ms
[Global] GET / - Status: 200 - Origin: undefined - Duration: 7ms
[Global] GET /static/css/main.c7fbb57e.css - Status: 200 - Origin: undefined - Duration: 3ms
[Global] GET /static/js/main.0023f6c1.js - Status: 200 - Origin: undefined - Duration: 6ms
[Global] GET /assets/images/Slide3.jpg - Status: 200 - Origin: undefined - Duration: 7ms
[Global] GET /assets/images/Slide2.jpg - Status: 200 - Origin: undefined - Duration: 27ms
[Global] GET /assets/images/Slide1.jpg - Status: 200 - Origin: undefined - Duration: 38ms
[Global] GET /api/youtube - Status: 200 - Origin: undefined - Duration: 105ms
[Global] GET /manifest.json - Status: 200 - Origin: undefined - Duration: 4ms
[Global] GET /favicon.ico - Status: 200 - Origin: undefined - Duration: 2ms
[Global] GET /assets/images/temple-bg.jpg - Status: 200 - Origin: undefined - Duration: 8ms
[Global] GET /api/prophecies - Status: 200 - Origin: undefined - Duration: 106ms
[Global] GET /api/prophecy-highlight - Status: 200 - Origin: undefined - Duration: 2ms
[Global] GET /api/prophecies - Status: 304 - Origin: undefined - Duration: 93ms
[Global] GET /api/announcements - Status: 304 - Origin: undefined - Duration: 3ms
[Global] GET /favicon.ico - Status: 304 - Origin: undefined - Duration: 5ms
[Global] GET /blog - Status: 200 - Origin: undefined - Duration: 2ms
[Global] GET /static/js/main.0023f6c1.js - Status: 304 - Origin: undefined - Duration: 2ms
[Global] GET /static/css/main.c7fbb57e.css - Status: 304 - Origin: undefined - Duration: 3ms
[Global] GET /favicon.ico - Status: 304 - Origin: undefined - Duration: 3ms
[Global] GET /api/prophecies - Status: 304 - Origin: undefined - Duration: 98ms
[Global] GET /api/announcements - Status: 304 - Origin: undefined - Duration: 2ms
[Global] GET /manifest.json - Status: 304 - Origin: undefined - Duration: 1ms
[Global] GET /api/prophecies/RERM3kQ0BM4 - Status: 200 - Origin: undefined - Duration: 2ms
[Global] GET /favicon.ico - Status: 304 - Origin: undefined - Duration: 24ms
[Global] GET /api/prophecies - Status: 304 - Origin: undefined - Duration: 114ms
[Global] GET /api/announcements - Status: 304 - Origin: undefined - Duration: 2ms
[Global] GET /favicon.ico - Status: 304 - Origin: undefined - Duration: 1ms
[Global] GET /api/announcements/1768719142802 - Status: 200 - Origin: undefined - Duration: 2ms
[Global] GET /favicon.ico - Status: 304 - Origin: undefined - Duration: 2ms
[Global] GET /api/prophecies - Status: 304 - Origin: undefined - Duration: 112ms
[Global] GET /api/announcements - Status: 304 - Origin: undefined - Duration: 10ms
[Global] GET /favicon.ico - Status: 304 - Origin: undefined - Duration: 2ms
[Global] GET /blog - Status: 304 - Origin: undefined - Duration: 1ms
[Global] GET /static/js/main.0023f6c1.js - Status: 304 - Origin: undefined - Duration: 3ms
[Global] GET /static/css/main.c7fbb57e.css - Status: 304 - Origin: undefined - Duration: 2ms
[Global] GET /api/prophecies - Status: 304 - Origin: undefined - Duration: 93ms
[Global] GET /favicon.ico - Status: 304 - Origin: undefined - Duration: 111ms
[Global] GET /api/announcements - Status: 304 - Origin: undefined - Duration: 1ms
[Global] GET /manifest.json - Status: 304 - Origin: undefined - Duration: 0ms
[Global] GET /api/profiles - Status: 200 - Origin: undefined - Duration: 2ms
[Global] GET /favicon.ico - Status: 304 - Origin: undefined - Duration: 3ms
[Global] GET /1768570515773-ukm12.png - Status: 200 - Origin: undefined - Duration: 57ms
[Global] GET /api/youtube - Status: 304 - Origin: undefined - Duration: 141ms
[Global] GET /assets/images/Slide1.jpg - Status: 304 - Origin: undefined - Duration: 43ms
[Global] GET /assets/images/Slide2.jpg - Status: 304 - Origin: undefined - Duration: 49ms
[Global] GET /assets/images/Slide3.jpg - Status: 304 - Origin: undefined - Duration: 52ms
[Global] GET /assets/images/temple-bg.jpg - Status: 304 - Origin: undefined - Duration: 57ms
[Global] GET /favicon.ico - Status: 304 - Origin: undefined - Duration: 12ms
[Global] GET /api/prophecies - Status: 304 - Origin: undefined - Duration: 120ms
[Global] GET /api/prophecy-highlight - Status: 304 - Origin: undefined - Duration: 3ms
[Global] GET / - Status: 200 - Origin: undefined - Duration: 15ms
[Global] GET /static/css/main.c7fbb57e.css - Status: 200 - Origin: undefined - Duration: 12ms
[Global] GET /static/js/main.26e29c18.js - Status: 200 - Origin: undefined - Duration: 30ms
[Global] GET /assets/images/Slide1.jpg - Status: 304 - Origin: undefined - Duration: 46ms
[Global] GET /assets/images/Slide2.jpg - Status: 304 - Origin: undefined - Duration: 49ms
[Global] GET /assets/images/Slide3.jpg - Status: 304 - Origin: undefined - Duration: 50ms
[Global] GET /assets/images/temple-bg.jpg - Status: 200 - Origin: undefined - Duration: 99ms
[Global] GET /api/youtube - Status: 304 - Origin: undefined - Duration: 549ms
[Global] GET /api/prophecies - Status: 200 - Origin: undefined - Duration: 650ms
[Global] GET /api/prophecy-highlight - Status: 200 - Origin: undefined - Duration: 80ms
[Global] GET /manifest.json - Status: 304 - Origin: undefined - Duration: 4ms
[Global] GET /favicon.ico - Status: 200 - Origin: undefined - Duration: 138ms
[Global] GET /api/prophecies - Status: 304 - Origin: undefined - Duration: 90ms
[Global] GET /api/announcements - Status: 304 - Origin: undefined - Duration: 3ms
[Global] GET /favicon.ico - Status: 304 - Origin: undefined - Duration: 5ms
[Global] GET /blog - Status: 200 - Origin: undefined - Duration: 19ms
[Global] GET /static/css/main.c7fbb57e.css - Status: 200 - Origin: undefined - Duration: 5ms
[Global] GET /static/js/main.20ad101a.js - Status: 200 - Origin: undefined - Duration: 12ms
[Global] GET /favicon.ico - Status: 200 - Origin: undefined - Duration: 6ms
[Global] GET /api/prophecies - Status: 304 - Origin: undefined - Duration: 121ms
[Global] GET /api/announcements - Status: 304 - Origin: undefined - Duration: 3ms
[Global] GET /manifest.json - Status: 304 - Origin: undefined - Duration: 2ms
[Global] GET /api/prophecies/7 - Status: 200 - Origin: undefined - Duration: 4ms
[Global] GET /favicon.ico - Status: 304 - Origin: undefined - Duration: 1ms
[Global] GET /api/prophecies - Status: 304 - Origin: undefined - Duration: 127ms
[Global] GET /api/announcements - Status: 304 - Origin: undefined - Duration: 4ms
[Global] GET /favicon.ico - Status: 304 - Origin: undefined - Duration: 15ms
[Global] GET /api/prophecies/RERM3kQ0BM4 - Status: 304 - Origin: undefined - Duration: 3ms
[Global] GET /favicon.ico - Status: 304 - Origin: undefined - Duration: 2ms
[Global] GET /api/prophecies - Status: 304 - Origin: undefined - Duration: 136ms
[Global] GET /api/announcements - Status: 304 - Origin: undefined - Duration: 2ms
[Global] GET /favicon.ico - Status: 304 - Origin: undefined - Duration: 2ms
[Global] GET /api/prophecy-highlight - Status: 304 - Origin: undefined - Duration: 3ms
[Global] GET /api/prophecies - Status: 304 - Origin: undefined - Duration: 123ms
[Global] GET /favicon.ico - Status: 304 - Origin: undefined - Duration: 43ms
[Global] GET /announcements - Status: 200 - Origin: undefined - Duration: 17ms
[Global] GET /static/css/main.c7fbb57e.css - Status: 200 - Origin: undefined - Duration: 7ms
[Global] GET /static/js/main.20ad101a.js - Status: 200 - Origin: undefined - Duration: 21ms
[Global] GET /favicon.ico - Status: 200 - Origin: undefined - Duration: 9ms
[Global] GET /api/announcements - Status: 304 - Origin: undefined - Duration: 12ms
[Global] GET /manifest.json - Status: 304 - Origin: undefined - Duration: 2ms
[Global] GET /api/prophecies - Status: 304 - Origin: undefined - Duration: 124ms
[Global] GET /api/announcements - Status: 304 - Origin: undefined - Duration: 5ms
[Global] GET /favicon.ico - Status: 304 - Origin: undefined - Duration: 6ms
[Global] GET /api/prophecies - Status: 304 - Origin: undefined - Duration: 132ms
[Global] GET /api/prophecy-highlight - Status: 304 - Origin: undefined - Duration: 4ms
[Global] GET /favicon.ico - Status: 304 - Origin: undefined - Duration: 6ms
[Global] GET /api/announcements - Status: 200 - Origin: undefined - Duration: 3ms
[Global] GET /api/prophecies - Status: 304 - Origin: undefined - Duration: 112ms
[Global] GET /favicon.ico - Status: 200 - Origin: undefined - Duration: 139ms
[Global] GET /api/prophecies - Status: 304 - Origin: undefined - Duration: 76ms
[Global] GET /api/announcements - Status: 304 - Origin: undefined - Duration: 7ms
[Global] GET /favicon.ico - Status: 304 - Origin: undefined - Duration: 2ms
[Global] GET /blog - Status: 200 - Origin: undefined - Duration: 21ms
[Global] GET /static/css/main.c7fbb57e.css - Status: 200 - Origin: undefined - Duration: 11ms
[Global] GET /static/js/main.821b3b0b.js - Status: 200 - Origin: undefined - Duration: 30ms
[Global] GET /api/prophecies - Status: 200 - Origin: undefined - Duration: 101ms
[Global] GET /api/announcements - Status: 304 - Origin: undefined - Duration: 3ms
[Global] GET /manifest.json - Status: 304 - Origin: undefined - Duration: 3ms
[Global] GET /favicon.ico - Status: 200 - Origin: undefined - Duration: 7ms
[Global] GET /api/announcements - Status: 304 - Origin: undefined - Duration: 3ms
[Global] GET /favicon.ico - Status: 304 - Origin: undefined - Duration: 2ms
[Global] GET /api/prophecies - Status: 304 - Origin: undefined - Duration: 106ms
[Global] GET /api/announcements - Status: 304 - Origin: undefined - Duration: 7ms
[Global] GET /favicon.ico - Status: 304 - Origin: undefined - Duration: 3ms
[Global] GET /blog - Status: 200 - Origin: undefined - Duration: 41ms
[Global] GET /blog - Status: 304 - Origin: undefined - Duration: 6ms
[Global] GET /static/css/main.c7fbb57e.css - Status: 200 - Origin: undefined - Duration: 14ms
[Global] GET /static/js/main.83905697.js - Status: 200 - Origin: undefined - Duration: 36ms
[Global] GET /static/js/main.83905697.js - Status: 304 - Origin: undefined - Duration: 8ms
[Global] GET /static/css/main.c7fbb57e.css - Status: 304 - Origin: undefined - Duration: 8ms
[Global] GET /api/prophecies - Status: 304 - Origin: undefined - Duration: 135ms
[Global] GET /api/announcements - Status: 304 - Origin: undefined - Duration: 3ms
[Global] GET /manifest.json - Status: 304 - Origin: undefined - Duration: 4ms
[Global] GET /favicon.ico - Status: 200 - Origin: undefined - Duration: 10ms
[Global] GET /api/prophecies - Status: 304 - Origin: undefined - Duration: 97ms
[Global] GET /api/announcements - Status: 304 - Origin: undefined - Duration: 2ms
[Global] GET /manifest.json - Status: 304 - Origin: undefined - Duration: 61ms
[Global] GET /favicon.ico - Status: 304 - Origin: undefined - Duration: 66ms
[Global] GET /api/prophecies/lXAjQnmNE3A - Status: 200 - Origin: undefined - Duration: 3ms
[Global] GET /favicon.ico - Status: 304 - Origin: undefined - Duration: 4ms
[Global] GET /api/prophecies - Status: 304 - Origin: undefined - Duration: 114ms
[Global] GET /api/announcements - Status: 304 - Origin: undefined - Duration: 6ms
[Global] GET /favicon.ico - Status: 304 - Origin: undefined - Duration: 1ms
[Global] GET /blog - Status: 200 - Origin: undefined - Duration: 17ms
[Global] GET /static/js/main.1d476380.js - Status: 200 - Origin: undefined - Duration: 15ms
[Global] GET /static/css/main.c7fbb57e.css - Status: 200 - Origin: undefined - Duration: 3ms
[Global] GET /api/prophecies - Status: 304 - Origin: undefined - Duration: 102ms
[Global] GET /api/announcements - Status: 304 - Origin: undefined - Duration: 5ms
[Global] GET /manifest.json - Status: 304 - Origin: undefined - Duration: 7ms
[Global] GET /favicon.ico - Status: 200 - Origin: undefined - Duration: 11ms
[Global] GET /api/prophecies - Status: 304 - Origin: undefined - Duration: 87ms
[Global] GET /api/prophecy-highlight - Status: 200 - Origin: undefined - Duration: 3ms
[Global] GET /favicon.ico - Status: 304 - Origin: undefined - Duration: 4ms
[Global] GET / - Status: 200 - Origin: undefined - Duration: 12ms
[Global] GET /static/css/main.c7fbb57e.css - Status: 200 - Origin: undefined - Duration: 8ms
[Global] GET /static/js/main.4a0440bf.js - Status: 200 - Origin: undefined - Duration: 21ms
[Global] GET /assets/images/Slide3.jpg - Status: 200 - Origin: undefined - Duration: 71ms
[Global] GET /assets/images/Slide2.jpg - Status: 200 - Origin: undefined - Duration: 107ms
[Global] GET /assets/images/temple-bg.jpg - Status: 200 - Origin: undefined - Duration: 135ms
[Global] GET /assets/images/Slide1.jpg - Status: 200 - Origin: undefined - Duration: 164ms
[Global] GET /api/youtube - Status: 304 - Origin: undefined - Duration: 346ms
[Global] GET /manifest.json - Status: 304 - Origin: undefined - Duration: 5ms
[Global] GET /favicon.ico - Status: 200 - Origin: undefined - Duration: 17ms
[Global] GET /api/prophecy-highlight - Status: 200 - Origin: undefined - Duration: 3ms
[Global] GET /api/prophecies - Status: 304 - Origin: undefined - Duration: 250ms
[Global] GET /api/announcements - Status: 304 - Origin: undefined - Duration: 3ms
[Global] GET /api/prophecies - Status: 304 - Origin: undefined - Duration: 95ms
[Global] GET /favicon.ico - Status: 304 - Origin: undefined - Duration: 25ms
[Global] GET /blog - Status: 200 - Origin: undefined - Duration: 19ms
[Global] GET /static/css/main.c7fbb57e.css - Status: 200 - Origin: undefined - Duration: 6ms
[Global] GET /static/js/main.a4a8722e.js - Status: 200 - Origin: undefined - Duration: 20ms
[Global] GET /favicon.ico - Status: 200 - Origin: undefined - Duration: 8ms
[Global] GET /api/prophecies - Status: 304 - Origin: undefined - Duration: 88ms
[Global] GET /api/announcements - Status: 304 - Origin: undefined - Duration: 2ms
[Global] GET /manifest.json - Status: 304 - Origin: undefined - Duration: 2ms
[Global] GET /api/prophecies/5 - Status: 200 - Origin: undefined - Duration: 4ms
[Global] GET /favicon.ico - Status: 304 - Origin: undefined - Duration: 2ms
[Global] GET /api/announcements - Status: 304 - Origin: undefined - Duration: 2ms
[Global] GET /api/prophecies - Status: 304 - Origin: undefined - Duration: 228ms
[Global] GET /favicon.ico - Status: 304 - Origin: undefined - Duration: 12ms
[Global] GET /api/prophecies/6 - Status: 200 - Origin: undefined - Duration: 2ms
[Global] GET /favicon.ico - Status: 304 - Origin: undefined - Duration: 6ms
[Global] GET /api/announcements - Status: 304 - Origin: undefined - Duration: 2ms
[Global] GET /api/prophecies - Status: 304 - Origin: undefined - Duration: 117ms
[Global] GET /favicon.ico - Status: 304 - Origin: undefined - Duration: 6ms
[Global] GET /blog - Status: 200 - Origin: undefined - Duration: 16ms
[Global] GET /static/css/main.c7fbb57e.css - Status: 200 - Origin: undefined - Duration: 6ms
[Global] GET /static/js/main.1d476380.js - Status: 200 - Origin: undefined - Duration: 14ms
[Global] GET /favicon.ico - Status: 200 - Origin: undefined - Duration: 2ms
[Global] GET /api/prophecies - Status: 304 - Origin: undefined - Duration: 141ms
[Global] GET /api/announcements - Status: 304 - Origin: undefined - Duration: 4ms
[Global] GET /manifest.json - Status: 304 - Origin: undefined - Duration: 1ms
[Global] GET /blog - Status: 200 - Origin: undefined - Duration: 7ms
[Global] GET /static/css/main.c7fbb57e.css - Status: 200 - Origin: undefined - Duration: 4ms
[Global] GET /static/js/main.1d476380.js - Status: 200 - Origin: undefined - Duration: 13ms
[Global] GET /favicon.ico - Status: 200 - Origin: undefined - Duration: 5ms
[Global] GET /api/prophecies - Status: 304 - Origin: undefined - Duration: 102ms
[Global] GET /api/announcements - Status: 304 - Origin: undefined - Duration: 4ms
[Global] GET /manifest.json - Status: 304 - Origin: undefined - Duration: 3ms
[Global] GET /blog - Status: 304 - Origin: undefined - Duration: 2ms
[Global] GET /static/css/main.c7fbb57e.css - Status: 304 - Origin: undefined - Duration: 3ms
[Global] GET /static/js/main.1d476380.js - Status: 304 - Origin: undefined - Duration: 4ms
[Global] GET /api/prophecies - Status: 304 - Origin: undefined - Duration: 100ms
[Global] GET /api/announcements - Status: 304 - Origin: undefined - Duration: 2ms
[Global] GET /manifest.json - Status: 304 - Origin: undefined - Duration: 29ms
[Global] GET /favicon.ico - Status: 304 - Origin: undefined - Duration: 29ms
[Global] GET / - Status: 200 - Origin: undefined - Duration: 10ms
[Global] GET /static/css/main.c7fbb57e.css - Status: 304 - Origin: undefined - Duration: 3ms
[Global] GET /static/js/main.1d476380.js - Status: 304 - Origin: undefined - Duration: 3ms
[Global] GET /assets/images/Slide1.jpg - Status: 304 - Origin: undefined - Duration: 2ms
[Global] GET /assets/images/Slide2.jpg - Status: 304 - Origin: undefined - Duration: 4ms
[Global] GET /assets/images/Slide3.jpg - Status: 304 - Origin: undefined - Duration: 4ms
[Global] GET /assets/images/temple-bg.jpg - Status: 304 - Origin: undefined - Duration: 4ms
[Global] GET /api/youtube - Status: 304 - Origin: undefined - Duration: 113ms
[Global] GET /manifest.json - Status: 304 - Origin: undefined - Duration: 11ms
[Global] GET /favicon.ico - Status: 304 - Origin: undefined - Duration: 7ms
[Global] GET /api/prophecies - Status: 304 - Origin: undefined - Duration: 144ms
[Global] GET /api/prophecy-highlight - Status: 304 - Origin: undefined - Duration: 3ms
[Global] GET /api/prophecies - Status: 304 - Origin: undefined - Duration: 126ms
[Global] GET /api/announcements - Status: 304 - Origin: undefined - Duration: 1ms
[Global] GET /favicon.ico - Status: 304 - Origin: undefined - Duration: 4ms
[Global] GET /api/announcements - Status: 304 - Origin: undefined - Duration: 2ms
[Global] GET /favicon.ico - Status: 304 - Origin: undefined - Duration: 3ms
[Global] GET /api/prarthana - Status: 200 - Origin: undefined - Duration: 47ms
[Global] GET /favicon.ico - Status: 304 - Origin: undefined - Duration: 2ms
[Global] GET /api/prophecies - Status: 304 - Origin: undefined - Duration: 120ms
[Global] GET /api/prophecy-highlight - Status: 304 - Origin: undefined - Duration: 3ms
[Global] GET /favicon.ico - Status: 304 - Origin: undefined - Duration: 38ms
[Global] GET /api/prophecies - Status: 304 - Origin: undefined - Duration: 78ms
[Global] GET /api/announcements - Status: 304 - Origin: undefined - Duration: 3ms
[Global] GET /favicon.ico - Status: 304 - Origin: undefined - Duration: 4ms
[Global] GET /api/literature - Status: 500 - Origin: undefined - Duration: 25ms
[Global] GET /api/literature - Status: 500 - Origin: undefined - Duration: 14ms
[Global] GET /api/literature - Status: 200 - Origin: undefined - Duration: 15ms
[Global] GET /api/literature - Status: 500 - Origin: undefined - Duration: 542ms
[Global] GET /api/literature - Status: 200 - Origin: undefined - Duration: 997ms
[Global] GET / - Status: 404 - Origin: undefined - Duration: 17ms
[Global] GET / - Status: 404 - Origin: undefined - Duration: 57ms
[Global] GET / - Status: 404 - Origin: undefined - Duration: 2ms
[Global] GET / - Status: 404 - Origin: undefined - Duration: 2ms
[Global] GET / - Status: 404 - Origin: undefined - Duration: 1ms
[Global] GET / - Status: 404 - Origin: undefined - Duration: 2ms
[Global] GET /favicon.ico - Status: 404 - Origin: undefined - Duration: 15ms
[Global] GET /api/youtube - Status: 500 - Origin: http://localhost:3000 - Duration: 10839ms
[Global] GET /api/youtube - Status: 500 - Origin: http://localhost:3000 - Duration: 10643ms
[Global] GET /api/prophecy-highlight - Status: 500 - Origin: http://localhost:3000 - Duration: 10601ms
[Global] GET /api/prophecies - Status: 500 - Origin: http://localhost:3000 - Duration: 10610ms
[Global] GET /api/prophecy-highlight - Status: 500 - Origin: http://localhost:3000 - Duration: 10604ms
[Global] GET /api/prophecies - Status: 500 - Origin: http://localhost:3000 - Duration: 10604ms
[Global] GET /api/gallery - Status: 500 - Origin: http://localhost:3000 - Duration: 10336ms
[Global] GET /api/gallery - Status: 500 - Origin: http://localhost:3000 - Duration: 10676ms
[Global] GET /api/youtube - Status: 500 - Origin: http://localhost:3000 - Duration: 10781ms
[Global] GET /api/youtube - Status: 500 - Origin: http://localhost:3000 - Duration: 10639ms
[Global] GET /api/prophecy-highlight - Status: 500 - Origin: http://localhost:3000 - Duration: 10625ms
[Global] GET /api/prophecies - Status: 500 - Origin: http://localhost:3000 - Duration: 10640ms
[Global] GET /api/prophecy-highlight - Status: 500 - Origin: http://localhost:3000 - Duration: 10586ms
[Global] GET /api/prophecies - Status: 500 - Origin: http://localhost:3000 - Duration: 10586ms
[Global] GET /api/prophecies - Status: 500 - Origin: http://localhost:3000 - Duration: 10576ms
[Global] GET /api/prophecies - Status: 500 - Origin: http://localhost:3000 - Duration: 10594ms
[Global] GET /api/satvic/recipes?metadata=true - Status: 304 - Origin: http://localhost:3000 - Duration: 2ms
[Global] GET /api/satvic/recipes?metadata=true - Status: 304 - Origin: http://localhost:3000 - Duration: 1ms
[Global] GET /api/satvic/recipes?limit=12&offset=0 - Status: 304 - Origin: http://localhost:3000 - Duration: 1ms
[Global] GET /api/satvic/recipes?limit=12&offset=0 - Status: 304 - Origin: http://localhost:3000 - Duration: 1ms
[Global] GET /api/prophecies - Status: 500 - Origin: http://localhost:3000 - Duration: 10247ms
[Global] GET /api/prophecies - Status: 500 - Origin: http://localhost:3000 - Duration: 10258ms
[Global] GET /api/announcements - Status: 500 - Origin: http://localhost:3000 - Duration: 10558ms
[Global] GET /api/announcements - Status: 500 - Origin: http://localhost:3000 - Duration: 10592ms
[Global] GET /api/prophecies - Status: 500 - Origin: http://localhost:3000 - Duration: 10571ms
[Global] GET /api/literature - Status: 500 - Origin: http://localhost:3000 - Duration: 10353ms
[Global] GET /api/announcements - Status: 500 - Origin: http://localhost:3000 - Duration: 10596ms
[Global] GET /api/satvic/stats - Status: 304 - Origin: http://localhost:3000 - Duration: 31350ms
[Global] GET /api/prophecies - Status: 500 - Origin: http://localhost:3000 - Duration: 10638ms
[Global] GET /api/announcements - Status: 500 - Origin: http://localhost:3000 - Duration: 10613ms
[Global] GET /api/gallery - Status: 500 - Origin: http://localhost:3000 - Duration: 10634ms
[Global] GET /api/literature - Status: 500 - Origin: http://localhost:3000 - Duration: 10647ms
[Global] GET /api/downloads - Status: 500 - Origin: http://localhost:3000 - Duration: 10603ms
[Global] GET /api/prophecies - Status: 500 - Origin: http://localhost:3000 - Duration: 10611ms
[Global] GET /api/prophecies - Status: 500 - Origin: http://localhost:3000 - Duration: 10604ms
[Global] GET /api/gallery - Status: 500 - Origin: http://localhost:3000 - Duration: 10610ms
[Global] GET /api/satvic/stats - Status: 200 - Origin: http://localhost:3000 - Duration: 31622ms
[Global] GET /api/downloads - Status: 500 - Origin: http://localhost:3000 - Duration: 10631ms
[Global] GET /api/downloads - Status: 500 - Origin: http://localhost:3000 - Duration: 10606ms
[Global] GET /api/downloads - Status: 500 - Origin: http://localhost:3000 - Duration: 10356ms
[Global] GET /api/youtube - Status: 500 - Origin: http://localhost:3000 - Duration: 10678ms
[Global] GET /api/youtube - Status: 500 - Origin: http://localhost:3000 - Duration: 10628ms
[Global] GET /api/prophecies - Status: 500 - Origin: http://localhost:3000 - Duration: 10618ms
[Global] GET /api/prophecy-highlight - Status: 500 - Origin: http://localhost:3000 - Duration: 10626ms
[Global] GET /api/literature - Status: 500 - Origin: http://localhost:3000 - Duration: 10298ms
[Global] GET /api/prophecy-highlight - Status: 500 - Origin: http://localhost:3000 - Duration: 10537ms
[Global] GET /api/youtube - Status: 500 - Origin: http://localhost:3000 - Duration: 10579ms
[Global] GET /api/prophecies - Status: 500 - Origin: http://localhost:3000 - Duration: 10569ms
[Global] GET /api/literature - Status: 500 - Origin: http://localhost:3000 - Duration: 10590ms
[Global] GET /api/prophecies - Status: 500 - Origin: http://localhost:3000 - Duration: 10631ms
[Global] GET /api/youtube - Status: 500 - Origin: http://localhost:3000 - Duration: 10658ms
[Global] GET /api/prophecy-highlight - Status: 500 - Origin: http://localhost:3000 - Duration: 10664ms
[Global] GET /api/prophecies - Status: 500 - Origin: http://localhost:3000 - Duration: 10572ms
[Global] GET /api/prophecy-highlight - Status: 500 - Origin: http://localhost:3000 - Duration: 10569ms
[Global] GET /api/youtube - Status: 500 - Origin: http://localhost:3000 - Duration: 10580ms
[Global] GET /api/youtube - Status: 500 - Origin: http://localhost:3000 - Duration: 10633ms
[Global] GET /api/prophecy-highlight - Status: 500 - Origin: http://localhost:3000 - Duration: 10623ms
[Global] GET /api/prophecies - Status: 500 - Origin: http://localhost:3000 - Duration: 10643ms
[Global] GET /api/prophecy-highlight - Status: 500 - Origin: http://localhost:3000 - Duration: 10582ms
[Global] GET /api/prophecies - Status: 500 - Origin: http://localhost:3000 - Duration: 10579ms
[Global] GET /api/announcements - Status: 500 - Origin: http://localhost:3000 - Duration: 10567ms
[Global] GET /api/announcements - Status: 500 - Origin: http://localhost:3000 - Duration: 10626ms
[Global] GET /favicon.ico - Status: 404 - Origin: undefined - Duration: 1ms
[Global] GET /api/prophecies - Status: 500 - Origin: http://localhost:3000 - Duration: 10642ms
[Global] GET /api/youtube - Status: 500 - Origin: http://localhost:3000 - Duration: 10421ms
[Global] GET /api/prophecies - Status: 500 - Origin: http://localhost:3000 - Duration: 10628ms
[Global] GET /api/youtube - Status: 500 - Origin: http://localhost:3000 - Duration: 10640ms
[Global] GET /api/prophecy-highlight - Status: 500 - Origin: http://localhost:3000 - Duration: 10635ms
[Global] GET /api/prophecies - Status: 500 - Origin: http://localhost:3000 - Duration: 10361ms
[Global] GET /api/prophecies - Status: 500 - Origin: http://localhost:3000 - Duration: 10367ms
[Global] GET /api/prophecies - Status: 500 - Origin: http://localhost:3000 - Duration: 10611ms
[Global] GET /api/prophecy-highlight - Status: 500 - Origin: http://localhost:3000 - Duration: 10564ms
[Global] GET /api/prophecies - Status: 500 - Origin: http://localhost:3000 - Duration: 10607ms
[Global] GET /favicon.ico - Status: 404 - Origin: undefined - Duration: 2ms
[Global] GET /api/youtube - Status: 500 - Origin: http://localhost:3000 - Duration: 10755ms
[Global] GET /api/profiles - Status: 500 - Origin: http://localhost:3000 - Duration: 10311ms
[Global] GET /api/youtube - Status: 500 - Origin: http://localhost:3000 - Duration: 10630ms
[Global] GET /api/profiles - Status: 500 - Origin: http://localhost:3000 - Duration: 10627ms
[Global] GET /api/gallery - Status: 500 - Origin: http://localhost:3000 - Duration: 10694ms
[Global] GET /api/gallery - Status: 500 - Origin: http://localhost:3000 - Duration: 10587ms
[Global] GET /api/rss/teachings - Status: 404 - Origin: undefined - Duration: 2ms
[Global] GET /api/rss/teachings - Status: 500 - Origin: undefined - Duration: 10182ms
[Global] GET /api/rss/teachings - Status: 500 - Origin: undefined - Duration: 10729ms
[Global] GET /api/rss/teachings - Status: 500 - Origin: undefined - Duration: 10593ms
[Global] GET /api/youtube - Status: 200 - Origin: http://localhost:3000 - Duration: 701ms
[Global] GET /api/youtube - Status: 304 - Origin: http://localhost:3000 - Duration: 142ms
[Global] GET /api/prophecy-highlight - Status: 200 - Origin: http://localhost:3000 - Duration: 116ms
[Global] GET /api/prophecy-highlight - Status: 304 - Origin: http://localhost:3000 - Duration: 74ms
[Global] GET /api/prophecies - Status: 200 - Origin: http://localhost:3000 - Duration: 1096ms
[Global] GET /api/prophecies - Status: 304 - Origin: http://localhost:3000 - Duration: 772ms
[Global] GET /main.07b080962e9af248c223.hot-update.json - Status: 404 - Origin: undefined - Duration: 20ms
[Global] GET /api/youtube - Status: 304 - Origin: http://localhost:3000 - Duration: 404ms
[Global] GET /api/youtube - Status: 304 - Origin: http://localhost:3000 - Duration: 183ms
[Global] OPTIONS /api/announcements - Status: 204 - Origin: http://localhost:3000 - Duration: 2ms
[Global] OPTIONS /api/announcements - Status: 204 - Origin: http://localhost:3000 - Duration: 2ms
[Global] GET /api/prophecy-highlight - Status: 304 - Origin: http://localhost:3000 - Duration: 418ms
[Global] GET /api/prophecies - Status: 200 - Origin: http://localhost:3000 - Duration: 3216ms
[Global] GET /api/announcements - Status: 500 - Origin: http://localhost:3000 - Duration: 10509ms
[Global] GET /api/prophecy-highlight - Status: 500 - Origin: http://localhost:3000 - Duration: 16740ms
[Global] GET /api/prophecies - Status: 500 - Origin: http://localhost:3000 - Duration: 16757ms
[Global] GET /api/prophecies - Status: 500 - Origin: http://localhost:3000 - Duration: 16750ms
[Global] GET /api/prophecy-highlight - Status: 500 - Origin: http://localhost:3000 - Duration: 16765ms
[Global] GET /api/prophecy-highlight - Status: 500 - Origin: http://localhost:3000 - Duration: 19229ms
[Global] GET /api/announcements - Status: 500 - Origin: http://localhost:3000 - Duration: 10557ms
[Global] GET /api/prophecy-highlight - Status: 200 - Origin: http://localhost:3000 - Duration: 5577ms
[Global] GET /api/prophecies - Status: 304 - Origin: http://localhost:3000 - Duration: 22234ms
[Global] GET /api/prophecy-highlight - Status: 200 - Origin: http://localhost:3000 - Duration: 5439ms
[Global] GET /api/prophecies - Status: 200 - Origin: http://localhost:3000 - Duration: 6784ms
[Global] GET /api/prophecies - Status: 200 - Origin: http://localhost:3000 - Duration: 6960ms
[Global] GET /assets/images/temple-bg.jpg - Status: 404 - Origin: undefined - Duration: 4ms
[Global] GET /api/prophecy-highlight - Status: 200 - Origin: http://localhost:3000 - Duration: 328ms
[Global] GET /api/prophecy-highlight - Status: 304 - Origin: http://localhost:3000 - Duration: 127ms
[Global] GET /api/prophecies - Status: 200 - Origin: http://localhost:3000 - Duration: 1047ms
[Global] GET /assets/images/temple-bg.jpg - Status: 404 - Origin: undefined - Duration: 1ms
[Global] GET /api/prophecies - Status: 304 - Origin: http://localhost:3000 - Duration: 631ms
[Global] GET /api/prophecy-highlight - Status: 304 - Origin: http://localhost:3000 - Duration: 1126ms
[Global] GET /api/prophecy-highlight - Status: 304 - Origin: http://localhost:3000 - Duration: 195ms
[Global] GET /api/prophecies - Status: 304 - Origin: http://localhost:3000 - Duration: 2537ms
[Global] GET /assets/images/temple-bg.jpg - Status: 404 - Origin: undefined - Duration: 2ms
[Global] GET /api/prophecies - Status: 304 - Origin: http://localhost:3000 - Duration: 791ms
[Global] GET /api/prophecy-highlight - Status: 304 - Origin: http://localhost:3000 - Duration: 1153ms
[Global] GET /api/prophecies - Status: 304 - Origin: http://localhost:3000 - Duration: 2165ms
[Global] GET /api/prophecy-highlight - Status: 304 - Origin: http://localhost:3000 - Duration: 625ms
[Global] GET /api/prophecies - Status: 304 - Origin: http://localhost:3000 - Duration: 1682ms
[Global] GET /api/prophecy-highlight - Status: 200 - Origin: http://localhost:3000 - Duration: 543ms
[Global] GET /api/prophecy-highlight - Status: 200 - Origin: http://localhost:3000 - Duration: 3306ms
[Global] GET /api/prophecies - Status: 200 - Origin: http://localhost:3000 - Duration: 3805ms
[Global] GET /api/prophecies - Status: 200 - Origin: http://localhost:3000 - Duration: 4226ms
[Global] GET /assets/images/temple-bg.jpg - Status: 404 - Origin: undefined - Duration: 1ms
[Global] GET /api/prophecy-highlight - Status: 200 - Origin: http://localhost:3000 - Duration: 856ms
[Global] GET /api/prophecy-highlight - Status: 200 - Origin: http://localhost:3000 - Duration: 1045ms
[Global] GET /api/prophecies - Status: 200 - Origin: http://localhost:3000 - Duration: 2149ms
[Global] GET /assets/images/temple-bg.jpg - Status: 404 - Origin: undefined - Duration: 5ms
[Global] GET /api/prophecies - Status: 200 - Origin: http://localhost:3000 - Duration: 2715ms
[Global] GET /api/prophecy-highlight - Status: 304 - Origin: http://localhost:3000 - Duration: 2189ms
[Global] GET /api/prophecies - Status: 304 - Origin: http://localhost:3000 - Duration: 3340ms
[Global] GET /api/prophecy-highlight - Status: 200 - Origin: http://localhost:3000 - Duration: 994ms
[Global] GET /api/prophecy-highlight - Status: 200 - Origin: http://localhost:3000 - Duration: 995ms
[Global] GET /api/prophecies - Status: 200 - Origin: http://localhost:3000 - Duration: 2238ms
[Global] GET /api/prophecies - Status: 200 - Origin: http://localhost:3000 - Duration: 2552ms
[Global] GET /assets/images/temple-bg.jpg - Status: 404 - Origin: undefined - Duration: 1ms
[Global] GET /api/prophecy-highlight - Status: 304 - Origin: http://localhost:3000 - Duration: 662ms
[Global] GET /api/prophecies - Status: 304 - Origin: http://localhost:3000 - Duration: 1285ms
[Global] GET /api/prophecy-highlight - Status: 304 - Origin: http://localhost:3000 - Duration: 246ms
[Global] GET /api/prophecies - Status: 304 - Origin: http://localhost:3000 - Duration: 931ms
[Global] GET /assets/images/temple-bg.jpg - Status: 404 - Origin: undefined - Duration: 1ms
[Global] GET /api/prophecy-highlight - Status: 304 - Origin: http://localhost:3000 - Duration: 4830ms
[Global] GET /api/prophecies - Status: 304 - Origin: http://localhost:3000 - Duration: 5626ms
[Global] GET /api/prophecy-highlight - Status: 200 - Origin: http://localhost:3000 - Duration: 832ms
[Global] GET /api/prophecy-highlight - Status: 200 - Origin: http://localhost:3000 - Duration: 845ms
[Global] GET /api/prophecies - Status: 200 - Origin: http://localhost:3000 - Duration: 1673ms
[Global] GET /api/prophecies - Status: 200 - Origin: http://localhost:3000 - Duration: 1871ms
[Global] GET /assets/images/temple-bg.jpg - Status: 404 - Origin: undefined - Duration: 1ms
[Global] GET /api/prophecy-highlight - Status: 304 - Origin: http://localhost:3000 - Duration: 2495ms
[Global] GET /api/prophecies - Status: 304 - Origin: http://localhost:3000 - Duration: 4091ms
[Global] GET /api/prophecy-highlight - Status: 200 - Origin: http://localhost:3000 - Duration: 668ms
[Global] GET /api/prophecy-highlight - Status: 200 - Origin: http://localhost:3000 - Duration: 689ms
[Global] GET /api/prophecies - Status: 200 - Origin: http://localhost:3000 - Duration: 1625ms
[Global] GET /api/prophecies - Status: 200 - Origin: http://localhost:3000 - Duration: 1741ms
[Global] GET /assets/images/temple-bg.jpg - Status: 404 - Origin: undefined - Duration: 1ms
[Global] GET /assets/images/temple-bg.jpg - Status: 404 - Origin: undefined - Duration: 1ms
[Global] GET /api/prophecy-highlight - Status: 304 - Origin: http://localhost:3000 - Duration: 13291ms
[Global] GET /api/prophecies - Status: 304 - Origin: http://localhost:3000 - Duration: 21397ms
[Global] GET /assets/images/temple-bg.jpg - Status: 404 - Origin: undefined - Duration: 1ms
[Global] GET /api/prophecy-highlight - Status: 200 - Origin: http://localhost:3000 - Duration: 304ms
[Global] GET /api/prophecy-highlight - Status: 200 - Origin: http://localhost:3000 - Duration: 300ms
[Global] GET /api/prophecies - Status: 200 - Origin: http://localhost:3000 - Duration: 1104ms
[Global] GET /api/prophecies - Status: 200 - Origin: http://localhost:3000 - Duration: 1423ms
[Global] GET /assets/images/temple-bg.jpg - Status: 404 - Origin: undefined - Duration: 1ms
[Global] GET /api/prophecy-highlight - Status: 304 - Origin: http://localhost:3000 - Duration: 6383ms
[Global] GET /api/prophecies - Status: 304 - Origin: http://localhost:3000 - Duration: 7053ms
[Global] GET /api/prophecy-highlight - Status: 200 - Origin: http://localhost:3000 - Duration: 2175ms
[Global] GET /api/prophecy-highlight - Status: 200 - Origin: http://localhost:3000 - Duration: 2185ms
[Global] GET /api/prophecies - Status: 200 - Origin: http://localhost:3000 - Duration: 2879ms
[Global] GET /api/prophecies - Status: 200 - Origin: http://localhost:3000 - Duration: 3104ms
[Global] GET /assets/images/temple-bg.jpg - Status: 404 - Origin: undefined - Duration: 1ms
[Global] GET /api/prophecies - Status: 500 - Origin: http://localhost:3000 - Duration: 10603ms
[Global] GET /api/prophecy-highlight - Status: 500 - Origin: http://localhost:3000 - Duration: 10604ms
[Global] GET /api/prophecy-highlight - Status: 200 - Origin: http://localhost:3000 - Duration: 743ms
[Global] GET /api/prophecy-highlight - Status: 200 - Origin: http://localhost:3000 - Duration: 749ms
[Global] GET /api/prophecies - Status: 200 - Origin: http://localhost:3000 - Duration: 2224ms
[Global] GET /api/prophecies - Status: 200 - Origin: http://localhost:3000 - Duration: 2390ms
[Global] GET /assets/images/temple-bg.jpg - Status: 404 - Origin: undefined - Duration: 1ms
[Global] GET /api/youtube - Status: 304 - Origin: http://localhost:3000 - Duration: 1530ms
[Global] GET /api/youtube - Status: 304 - Origin: http://localhost:3000 - Duration: 186ms
[Global] GET /api/prophecy-highlight - Status: 304 - Origin: http://localhost:3000 - Duration: 399ms
[Global] GET /api/prophecy-highlight - Status: 304 - Origin: http://localhost:3000 - Duration: 316ms
[Global] GET /api/prophecies - Status: 304 - Origin: http://localhost:3000 - Duration: 1342ms
[Global] GET /api/prophecies - Status: 304 - Origin: http://localhost:3000 - Duration: 950ms
[Global] GET /favicon.ico - Status: 404 - Origin: undefined - Duration: 2ms
[Global] GET /api/prophecies - Status: 500 - Origin: http://localhost:3000 - Duration: 10663ms
[Global] GET /api/prophecy-highlight - Status: 500 - Origin: http://localhost:3000 - Duration: 10655ms
[Global] GET /api/youtube - Status: 500 - Origin: http://localhost:3000 - Duration: 10532ms
[Global] GET /sitemap.xml - Status: 500 - Origin: undefined - Duration: 10562ms
[Global] GET /favicon.ico - Status: 404 - Origin: undefined - Duration: 15ms
[Global] GET /main.cf243a8b3b9175527ea7.hot-update.json - Status: 404 - Origin: undefined - Duration: 3ms
[Global] GET /api/youtube - Status: 304 - Origin: http://localhost:3000 - Duration: 318ms
[Global] GET /api/youtube - Status: 304 - Origin: http://localhost:3000 - Duration: 289ms
[Global] GET /api/prophecy-highlight - Status: 304 - Origin: http://localhost:3000 - Duration: 389ms
[Global] GET /api/prophecy-highlight - Status: 304 - Origin: http://localhost:3000 - Duration: 255ms
[Global] GET /api/prophecies - Status: 304 - Origin: http://localhost:3000 - Duration: 1168ms
[Global] GET /api/prophecies - Status: 304 - Origin: http://localhost:3000 - Duration: 922ms
[Global] GET /api/youtube - Status: 304 - Origin: http://localhost:3000 - Duration: 1050ms
[Global] GET /api/youtube - Status: 304 - Origin: http://localhost:3000 - Duration: 224ms
[Global] GET /api/prophecy-highlight - Status: 304 - Origin: http://localhost:3000 - Duration: 185ms
[Global] GET /api/prophecy-highlight - Status: 304 - Origin: http://localhost:3000 - Duration: 82ms
[Global] GET /api/prophecies - Status: 304 - Origin: http://localhost:3000 - Duration: 973ms
[Global] GET /api/prophecies - Status: 304 - Origin: http://localhost:3000 - Duration: 692ms
[Global] GET /api/youtube - Status: 200 - Origin: http://localhost:3000 - Duration: 614ms
[Global] GET /api/youtube - Status: 304 - Origin: http://localhost:3000 - Duration: 203ms
[Global] GET /api/prophecy-highlight - Status: 200 - Origin: http://localhost:3000 - Duration: 170ms
[Global] GET /api/prophecy-highlight - Status: 304 - Origin: http://localhost:3000 - Duration: 86ms
[Global] GET /api/youtube - Status: 200 - Origin: http://localhost:3000 - Duration: 181ms
[Global] GET /api/youtube - Status: 200 - Origin: http://localhost:3000 - Duration: 255ms
[Global] GET /api/prophecy-highlight - Status: 200 - Origin: http://localhost:3000 - Duration: 91ms
[Global] GET /api/prophecy-highlight - Status: 200 - Origin: http://localhost:3000 - Duration: 219ms
[Global] GET /api/prophecies - Status: 200 - Origin: http://localhost:3000 - Duration: 811ms
[Global] GET /api/prophecies - Status: 200 - Origin: http://localhost:3000 - Duration: 1337ms
[Global] GET /api/youtube - Status: 304 - Origin: http://localhost:3000 - Duration: 8171ms
[Global] GET /api/youtube - Status: 304 - Origin: http://localhost:3000 - Duration: 215ms
[Global] GET /api/prophecy-highlight - Status: 304 - Origin: http://localhost:3000 - Duration: 436ms
[Global] GET /api/prophecy-highlight - Status: 304 - Origin: http://localhost:3000 - Duration: 169ms
[Global] GET /api/prophecies - Status: 304 - Origin: http://localhost:3000 - Duration: 1131ms
[Global] GET /api/prophecies - Status: 304 - Origin: http://localhost:3000 - Duration: 617ms
[Global] GET /api/youtube - Status: 304 - Origin: http://localhost:3000 - Duration: 1426ms
[Global] GET /api/youtube - Status: 304 - Origin: http://localhost:3000 - Duration: 380ms
[Global] GET /api/prophecy-highlight - Status: 304 - Origin: http://localhost:3000 - Duration: 345ms
[Global] GET /api/prophecy-highlight - Status: 304 - Origin: http://localhost:3000 - Duration: 132ms
[Global] GET /api/prophecies - Status: 304 - Origin: http://localhost:3000 - Duration: 1522ms
[Global] GET /api/youtube - Status: 200 - Origin: http://localhost:3000 - Duration: 680ms
[Global] GET /api/youtube - Status: 200 - Origin: http://localhost:3000 - Duration: 700ms
[Global] GET /api/prophecy-highlight - Status: 200 - Origin: http://localhost:3000 - Duration: 448ms
[Global] GET /api/prophecies - Status: 304 - Origin: http://localhost:3000 - Duration: 2024ms
[Global] GET /api/prophecy-highlight - Status: 200 - Origin: http://localhost:3000 - Duration: 969ms
[Global] GET /api/prophecy-highlight - Status: 200 - Origin: http://localhost:3000 - Duration: 189ms
[Global] GET /api/prophecy-highlight - Status: 200 - Origin: http://localhost:3000 - Duration: 326ms
[Global] GET /api/prophecies - Status: 200 - Origin: http://localhost:3000 - Duration: 1853ms
[Global] GET /api/prophecies - Status: 200 - Origin: http://localhost:3000 - Duration: 2064ms
[Global] GET /api/prophecies - Status: 200 - Origin: http://localhost:3000 - Duration: 1333ms
[Global] GET /assets/images/temple-bg.jpg - Status: 404 - Origin: undefined - Duration: 6ms
[Global] GET /api/prophecies - Status: 200 - Origin: http://localhost:3000 - Duration: 1598ms
[Global] GET /api/youtube - Status: 500 - Origin: http://localhost:3000 - Duration: 10642ms
[Global] GET /api/youtube - Status: 500 - Origin: http://localhost:3000 - Duration: 10685ms
[Global] GET /api/youtube - Status: 500 - Origin: http://localhost:3000 - Duration: 10699ms
[Global] GET /api/youtube - Status: 500 - Origin: http://localhost:3000 - Duration: 10618ms
[Global] GET /api/youtube - Status: 200 - Origin: http://localhost:3000 - Duration: 3658ms
[Global] GET /api/youtube - Status: 200 - Origin: http://localhost:3000 - Duration: 477ms
[Global] GET /api/youtube - Status: 200 - Origin: http://localhost:3000 - Duration: 496ms
[Global] GET /api/youtube - Status: 200 - Origin: http://localhost:3000 - Duration: 9167ms
[Global] GET /api/youtube - Status: 304 - Origin: http://localhost:3000 - Duration: 509ms
[Global] GET /api/prophecy-highlight - Status: 304 - Origin: http://localhost:3000 - Duration: 231ms
[Global] GET /api/youtube - Status: 304 - Origin: http://localhost:3000 - Duration: 275ms
[Global] GET /api/prophecy-highlight - Status: 304 - Origin: http://localhost:3000 - Duration: 89ms
[Global] GET /api/prophecies - Status: 304 - Origin: http://localhost:3000 - Duration: 849ms
[Global] GET /api/prophecies - Status: 304 - Origin: http://localhost:3000 - Duration: 1069ms
[Global] GET /api/youtube - Status: 304 - Origin: http://localhost:3000 - Duration: 1857ms
[Global] GET /api/youtube - Status: 304 - Origin: http://localhost:3000 - Duration: 346ms
[Global] GET /api/youtube - Status: 304 - Origin: http://localhost:3000 - Duration: 218ms
[Global] GET /api/youtube - Status: 304 - Origin: http://localhost:3000 - Duration: 327ms
[Global] GET /api/prophecy-highlight - Status: 304 - Origin: http://localhost:3000 - Duration: 449ms
[Global] GET /api/prophecy-highlight - Status: 304 - Origin: http://localhost:3000 - Duration: 378ms
[Global] GET /api/prophecies - Status: 304 - Origin: http://localhost:3000 - Duration: 2358ms
[Global] GET /api/prophecies - Status: 304 - Origin: http://localhost:3000 - Duration: 8374ms
[Global] GET /api/youtube - Status: 304 - Origin: http://localhost:3000 - Duration: 3114ms
[Global] GET /api/youtube - Status: 304 - Origin: http://localhost:3000 - Duration: 2231ms
[Global] GET /api/youtube - Status: 304 - Origin: http://localhost:3000 - Duration: 1242ms
[Global] GET /api/youtube - Status: 304 - Origin: http://localhost:3000 - Duration: 712ms
[Global] GET /api/prophecy-highlight - Status: 304 - Origin: http://localhost:3000 - Duration: 1841ms
[Global] GET /api/prophecy-highlight - Status: 304 - Origin: http://localhost:3000 - Duration: 417ms
[Global] GET /api/prophecies - Status: 304 - Origin: http://localhost:3000 - Duration: 3097ms
[Global] GET /api/youtube - Status: 304 - Origin: http://localhost:3000 - Duration: 2921ms
[Global] GET /api/prophecies - Status: 304 - Origin: http://localhost:3000 - Duration: 5029ms
[Global] GET /api/youtube - Status: 304 - Origin: http://localhost:3000 - Duration: 1441ms
[Global] GET /api/prophecy-highlight - Status: 304 - Origin: http://localhost:3000 - Duration: 2093ms
[Global] GET /api/prophecy-highlight - Status: 304 - Origin: http://localhost:3000 - Duration: 95ms
[Global] GET /api/prophecy-highlight - Status: 304 - Origin: http://localhost:3000 - Duration: 124ms
[Global] GET /api/prophecy-highlight - Status: 304 - Origin: http://localhost:3000 - Duration: 189ms
[Global] GET /api/prophecies - Status: 304 - Origin: http://localhost:3000 - Duration: 2216ms
[Global] GET /api/prophecies - Status: 304 - Origin: http://localhost:3000 - Duration: 1010ms
[Global] GET /api/prophecies - Status: 304 - Origin: http://localhost:3000 - Duration: 699ms
[Global] GET /assets/images/temple-bg.jpg - Status: 404 - Origin: undefined - Duration: 5ms
[Global] GET /api/prophecies - Status: 304 - Origin: http://localhost:3000 - Duration: 705ms
[Global] GET /api/satvic/recipes?metadata=true - Status: 200 - Origin: http://localhost:3000 - Duration: 2ms
[Global] GET /api/satvic/recipes?limit=12&offset=0 - Status: 200 - Origin: http://localhost:3000 - Duration: 1ms
[Global] GET /api/satvic/recipes?metadata=true - Status: 304 - Origin: http://localhost:3000 - Duration: 1ms
[Global] GET /api/satvic/recipes?limit=12&offset=0 - Status: 304 - Origin: http://localhost:3000 - Duration: 1ms
[Global] GET /api/satvic/stats - Status: 200 - Origin: http://localhost:3000 - Duration: 4217ms
[Global] GET /api/announcements - Status: 200 - Origin: http://localhost:3000 - Duration: 489ms
[Global] GET /api/announcements - Status: 304 - Origin: http://localhost:3000 - Duration: 287ms
[Global] GET /api/satvic/stats - Status: 304 - Origin: http://localhost:3000 - Duration: 508ms
[Global] GET /api/satvic/recipes?metadata=true - Status: 304 - Origin: http://localhost:3000 - Duration: 1ms
[Global] GET /api/satvic/recipes?limit=12&offset=0 - Status: 304 - Origin: http://localhost:3000 - Duration: 5ms
[Global] GET /api/satvic/recipes?metadata=true - Status: 304 - Origin: http://localhost:3000 - Duration: 1ms
[Global] GET /api/satvic/recipes?limit=12&offset=0 - Status: 304 - Origin: http://localhost:3000 - Duration: 2ms
[Global] GET /api/satvic/stats - Status: 304 - Origin: http://localhost:3000 - Duration: 677ms
[Global] GET /api/satvic/stats - Status: 304 - Origin: http://localhost:3000 - Duration: 737ms
[Global] GET /api/gallery - Status: 200 - Origin: http://localhost:3000 - Duration: 217ms
[Global] GET /1768721167685-download.jpg - Status: 200 - Origin: undefined - Duration: 37ms
[Global] GET /uploads/1768724269697-Amit%20shah.png - Status: 404 - Origin: undefined - Duration: 12ms
[Global] GET /1768721116098-images.jpg - Status: 200 - Origin: undefined - Duration: 64ms
[Global] GET /1768721468568-baba%20ji%20with%20cm%20mohan%20yadav.png - Status: 200 - Origin: undefined - Duration: 84ms
[Global] GET /api/gallery - Status: 304 - Origin: http://localhost:3000 - Duration: 126ms
[Global] GET /1768722085285-saket%20misra.png - Status: 200 - Origin: undefined - Duration: 103ms
[Global] GET /1768721102146-ukm12.png - Status: 200 - Origin: undefined - Duration: 249ms
[Global] GET /1768721086726-ukm4.png - Status: 200 - Origin: undefined - Duration: 267ms
[Global] GET /api/prophecies - Status: 304 - Origin: http://localhost:3000 - Duration: 926ms
[Global] GET /api/prophecies - Status: 304 - Origin: http://localhost:3000 - Duration: 657ms
[Global] GET /api/prophecies - Status: 304 - Origin: http://localhost:3000 - Duration: 557ms
[Global] GET /api/prophecies - Status: 304 - Origin: http://localhost:3000 - Duration: 724ms
[Global] GET /api/virtual_tours - Status: 200 - Origin: http://localhost:3000 - Duration: 1807ms
[Global] GET /api/virtual_tours - Status: 304 - Origin: http://localhost:3000 - Duration: 181ms
[Global] GET /api/downloads - Status: 200 - Origin: http://localhost:3000 - Duration: 819ms
[Global] GET /api/downloads - Status: 304 - Origin: http://localhost:3000 - Duration: 164ms
[Global] GET /api/literature - Status: 200 - Origin: http://localhost:3000 - Duration: 1638ms
[Global] GET /api/literature - Status: 304 - Origin: http://localhost:3000 - Duration: 211ms
[Global] GET /api/prophecy-highlight - Status: 304 - Origin: http://localhost:3000 - Duration: 739ms
[Global] GET /api/prophecy-highlight - Status: 304 - Origin: http://localhost:3000 - Duration: 1229ms
[Global] GET /api/prophecies - Status: 304 - Origin: http://localhost:3000 - Duration: 2506ms
[Global] GET /assets/images/temple-bg.jpg - Status: 404 - Origin: undefined - Duration: 1ms
[Global] GET /api/prophecies - Status: 304 - Origin: http://localhost:3000 - Duration: 786ms
[Global] GET /api/youtube - Status: 304 - Origin: http://localhost:3000 - Duration: 283ms
[Global] GET /api/youtube - Status: 304 - Origin: http://localhost:3000 - Duration: 205ms
[Global] GET /api/prophecy-highlight - Status: 304 - Origin: http://localhost:3000 - Duration: 216ms
[Global] GET /api/prophecy-highlight - Status: 304 - Origin: http://localhost:3000 - Duration: 79ms
[Global] GET /api/prophecies - Status: 304 - Origin: http://localhost:3000 - Duration: 638ms
[Global] GET /api/prophecies - Status: 304 - Origin: http://localhost:3000 - Duration: 726ms
[Global] GET /assets/images/ashram-bg.jpg - Status: 404 - Origin: undefined - Duration: 2ms
[Global] GET /api/youtube - Status: 304 - Origin: http://localhost:3000 - Duration: 1317ms
[Global] GET /api/youtube - Status: 304 - Origin: http://localhost:3000 - Duration: 283ms
[Global] GET /api/prophecy-highlight - Status: 304 - Origin: http://localhost:3000 - Duration: 645ms
[Global] GET /api/prophecy-highlight - Status: 304 - Origin: http://localhost:3000 - Duration: 125ms
[Global] GET /api/prophecies - Status: 304 - Origin: http://localhost:3000 - Duration: 1484ms
[Global] GET /api/prophecies - Status: 304 - Origin: http://localhost:3000 - Duration: 657ms
[Global] GET /api/prophecy-highlight - Status: 304 - Origin: http://localhost:3000 - Duration: 532ms
[Global] GET /prophecy-highlight - Status: 429 - Origin: http://localhost:3000 - Duration: 3ms
[Global] GET /api/prophecies - Status: 304 - Origin: http://localhost:3000 - Duration: 1140ms
[Global] GET /prophecies - Status: 429 - Origin: http://localhost:3000 - Duration: 11ms
[Global] GET /assets/images/temple-bg.jpg - Status: 404 - Origin: undefined - Duration: 1ms
[Global] GET /prophecies/8 - Status: 429 - Origin: http://localhost:3000 - Duration: 1ms
[Global] GET /prophecies/8 - Status: 429 - Origin: http://localhost:3000 - Duration: 1ms
[Global] GET /prophecies - Status: 429 - Origin: http://localhost:3000 - Duration: 2ms
[Global] GET /prophecies - Status: 429 - Origin: http://localhost:3000 - Duration: 1ms
[Global] GET /prophecy-highlight - Status: 429 - Origin: http://localhost:3000 - Duration: 1ms
[Global] GET /prophecy-highlight - Status: 429 - Origin: http://localhost:3000 - Duration: 1ms
[Global] GET /prophecies - Status: 429 - Origin: http://localhost:3000 - Duration: 1ms
[Global] GET /prophecy-highlight - Status: 429 - Origin: http://localhost:3000 - Duration: 1ms
[Global] GET /prophecies - Status: 429 - Origin: http://localhost:3000 - Duration: 1ms
[Global] GET /prophecy-highlight - Status: 429 - Origin: http://localhost:3000 - Duration: 1ms
[Global] GET /prophecies - Status: 429 - Origin: http://localhost:3000 - Duration: 1ms
[Global] GET /prophecy-highlight - Status: 429 - Origin: http://localhost:3000 - Duration: 0ms
[Global] GET /prophecies - Status: 429 - Origin: http://localhost:3000 - Duration: 1ms
[Global] GET /prophecy-highlight - Status: 429 - Origin: http://localhost:3000 - Duration: 2ms
[Global] GET /prophecies - Status: 429 - Origin: http://localhost:3000 - Duration: 1ms
[Global] GET /prophecy-highlight - Status: 429 - Origin: http://localhost:3000 - Duration: 0ms
[Global] GET /youtube - Status: 429 - Origin: http://localhost:3000 - Duration: 2ms
[Global] GET /youtube - Status: 429 - Origin: http://localhost:3000 - Duration: 1ms
[Global] GET /prophecies - Status: 429 - Origin: http://localhost:3000 - Duration: 2ms
[Global] GET /prophecy-highlight - Status: 429 - Origin: http://localhost:3000 - Duration: 0ms
[Global] GET /prophecies - Status: 429 - Origin: http://localhost:3000 - Duration: 1ms
[Global] GET /prophecy-highlight - Status: 429 - Origin: http://localhost:3000 - Duration: 1ms
[Global] GET /satvic/recipes?metadata=true - Status: 429 - Origin: http://localhost:3000 - Duration: 1ms
[Global] GET /satvic/recipes?limit=12&offset=0 - Status: 429 - Origin: http://localhost:3000 - Duration: 1ms
[Global] GET /satvic/stats - Status: 429 - Origin: http://localhost:3000 - Duration: 1ms
[Global] GET /satvic/recipes?metadata=true - Status: 429 - Origin: http://localhost:3000 - Duration: 1ms
[Global] GET /satvic/recipes?limit=12&offset=0 - Status: 429 - Origin: http://localhost:3000 - Duration: 2ms
[Global] GET /satvic/stats - Status: 429 - Origin: http://localhost:3000 - Duration: 1ms
[Global] GET /youtube - Status: 429 - Origin: http://localhost:3000 - Duration: 1ms
[Global] GET /youtube - Status: 429 - Origin: http://localhost:3000 - Duration: 1ms
[Global] GET /prophecies - Status: 429 - Origin: http://localhost:3000 - Duration: 1ms
[Global] GET /prophecy-highlight - Status: 429 - Origin: http://localhost:3000 - Duration: 0ms
[Global] GET /prophecies - Status: 429 - Origin: http://localhost:3000 - Duration: 0ms
[Global] GET /prophecy-highlight - Status: 429 - Origin: http://localhost:3000 - Duration: 0ms
[Global] GET /youtube - Status: 429 - Origin: http://localhost:3000 - Duration: 1ms
[Global] GET /youtube - Status: 429 - Origin: http://localhost:3000 - Duration: 1ms
[Global] GET /prophecies - Status: 429 - Origin: http://localhost:3000 - Duration: 1ms
[Global] GET /prophecy-highlight - Status: 429 - Origin: http://localhost:3000 - Duration: 0ms
[Global] GET /prophecies - Status: 429 - Origin: http://localhost:3000 - Duration: 1ms
[Global] GET /prophecy-highlight - Status: 429 - Origin: http://localhost:3000 - Duration: 1ms
[Global] GET /prophecies - Status: 429 - Origin: http://localhost:3000 - Duration: 0ms
[Global] GET /prophecy-highlight - Status: 429 - Origin: http://localhost:3000 - Duration: 1ms
[Global] GET /prophecies - Status: 429 - Origin: http://localhost:3000 - Duration: 1ms
[Global] GET /prophecy-highlight - Status: 429 - Origin: http://localhost:3000 - Duration: 1ms
[Global] GET /prophecies - Status: 429 - Origin: http://localhost:3000 - Duration: 2ms
[Global] GET /prophecies - Status: 429 - Origin: http://localhost:3000 - Duration: 1ms
[Global] GET /prophecies - Status: 429 - Origin: http://localhost:3000 - Duration: 1ms
[Global] GET /prophecies - Status: 429 - Origin: http://localhost:3000 - Duration: 1ms
[Global] GET /gallery - Status: 429 - Origin: http://localhost:3000 - Duration: 1ms
[Global] GET /gallery - Status: 429 - Origin: http://localhost:3000 - Duration: 1ms
[Global] GET /youtube - Status: 429 - Origin: http://localhost:3000 - Duration: 1ms
[Global] GET /youtube - Status: 429 - Origin: http://localhost:3000 - Duration: 1ms
[Global] GET /prophecies - Status: 429 - Origin: http://localhost:3000 - Duration: 2ms
[Global] GET /prophecy-highlight - Status: 429 - Origin: http://localhost:3000 - Duration: 1ms
[Global] GET /prophecies - Status: 429 - Origin: http://localhost:3000 - Duration: 1ms
[Global] GET /prophecy-highlight - Status: 429 - Origin: http://localhost:3000 - Duration: 0ms
[Global] GET /prophecies - Status: 429 - Origin: undefined - Duration: 1ms
[Global] GET /prophecies/1 - Status: 429 - Origin: undefined - Duration: 1ms
[Global] GET /youtube - Status: 429 - Origin: http://localhost:3000 - Duration: 1ms
[Global] GET /youtube - Status: 429 - Origin: http://localhost:3000 - Duration: 1ms
[Global] GET /prophecies - Status: 429 - Origin: http://localhost:3000 - Duration: 1ms
[Global] GET /prophecy-highlight - Status: 429 - Origin: http://localhost:3000 - Duration: 1ms
[Global] GET /prophecies - Status: 429 - Origin: http://localhost:3000 - Duration: 1ms
[Global] GET /prophecy-highlight - Status: 429 - Origin: http://localhost:3000 - Duration: 1ms
[Global] GET /prophecies - Status: 429 - Origin: http://localhost:3000 - Duration: 1ms
[Global] GET /prophecy-highlight - Status: 429 - Origin: http://localhost:3000 - Duration: 1ms
[Global] GET /prophecies - Status: 429 - Origin: http://localhost:3000 - Duration: 2ms
[Global] GET /prophecy-highlight - Status: 429 - Origin: http://localhost:3000 - Duration: 1ms
[Global] GET /prophecies - Status: 429 - Origin: http://localhost:3000 - Duration: 2ms
[Global] GET /prophecies - Status: 429 - Origin: http://localhost:3000 - Duration: 1ms
[Global] GET /prophecies - Status: 429 - Origin: http://localhost:3000 - Duration: 1ms
[Global] GET /prophecies - Status: 429 - Origin: http://localhost:3000 - Duration: 2ms
[Global] GET /main.e4472a1d050bf9a61eb6.hot-update.json - Status: 404 - Origin: undefined - Duration: 14ms
[Global] GET /api/youtube - Status: 304 - Origin: http://localhost:3000 - Duration: 11273ms
[Global] GET /api/prophecy-highlight - Status: 304 - Origin: http://localhost:3000 - Duration: 7322ms
[Global] GET /api/prophecy-highlight - Status: 304 - Origin: http://localhost:3000 - Duration: 875ms
[Global] GET /api/youtube - Status: 304 - Origin: http://localhost:3000 - Duration: 2045ms
[Global] GET /api/prophecies - Status: 304 - Origin: http://localhost:3000 - Duration: 13240ms
[Global] GET /assets/images/temple-bg.jpg - Status: 404 - Origin: undefined - Duration: 2ms
[Global] GET /api/prophecies - Status: 304 - Origin: http://localhost:3000 - Duration: 1991ms
[Global] GET /api/prophecies/8 - Status: 200 - Origin: http://localhost:3000 - Duration: 1742ms
[Global] GET /api/prophecies/8 - Status: 304 - Origin: http://localhost:3000 - Duration: 302ms
[Global] GET /api/prophecy-highlight - Status: 304 - Origin: http://localhost:3000 - Duration: 1913ms
[Global] GET /api/prophecy-highlight - Status: 304 - Origin: http://localhost:3000 - Duration: 171ms
[Global] GET /api/prophecies - Status: 304 - Origin: http://localhost:3000 - Duration: 3406ms
[Global] GET /assets/images/temple-bg.jpg - Status: 404 - Origin: undefined - Duration: 2ms
[Global] GET /api/prophecies - Status: 304 - Origin: http://localhost:3000 - Duration: 1479ms
[Global] GET /api/prophecies/5 - Status: 200 - Origin: http://localhost:3000 - Duration: 112ms
[Global] GET /api/prophecies/5 - Status: 304 - Origin: http://localhost:3000 - Duration: 109ms
[Global] GET /api/prophecy-highlight - Status: 304 - Origin: http://localhost:3000 - Duration: 1119ms
[Global] GET /api/prophecy-highlight - Status: 304 - Origin: http://localhost:3000 - Duration: 659ms
[Global] GET /api/prophecies - Status: 304 - Origin: http://localhost:3000 - Duration: 4041ms
[Global] GET /assets/images/temple-bg.jpg - Status: 404 - Origin: undefined - Duration: 2ms
[Global] GET /api/prophecies - Status: 304 - Origin: http://localhost:3000 - Duration: 1435ms
[Global] GET /api/prophecies/1 - Status: 200 - Origin: undefined - Duration: 235ms
[Global] GET /api/prophecies/1 - Status: 200 - Origin: undefined - Duration: 566ms
[Global] GET /api/prophecies/_Jd8zUZcsnA - Status: 500 - Origin: http://localhost:3000 - Duration: 3894ms
[Global] GET /api/prophecies/_Jd8zUZcsnA - Status: 500 - Origin: http://localhost:3000 - Duration: 1402ms
[Global] GET /api/prophecy-highlight - Status: 304 - Origin: http://localhost:3000 - Duration: 5172ms
[Global] GET /api/prophecies - Status: 304 - Origin: http://localhost:3000 - Duration: 6215ms
[Global] GET /assets/images/temple-bg.jpg - Status: 404 - Origin: undefined - Duration: 1ms
[Global] GET /api/prophecy-highlight - Status: 304 - Origin: http://localhost:3000 - Duration: 1208ms
[Global] GET /api/prophecies - Status: 304 - Origin: http://localhost:3000 - Duration: 1672ms
[Global] GET /api/prophecies/viXw8w34IC8 - Status: 500 - Origin: http://localhost:3000 - Duration: 400ms
[Global] GET /api/prophecies/viXw8w34IC8 - Status: 500 - Origin: http://localhost:3000 - Duration: 112ms
[Global] GET /api/prophecy-highlight - Status: 304 - Origin: http://localhost:3000 - Duration: 638ms
[Global] GET /api/prophecy-highlight - Status: 304 - Origin: http://localhost:3000 - Duration: 385ms
[Global] GET /api/prophecies - Status: 304 - Origin: http://localhost:3000 - Duration: 1491ms
[Global] GET /assets/images/temple-bg.jpg - Status: 404 - Origin: undefined - Duration: 1ms
[Global] GET /api/prophecies - Status: 304 - Origin: http://localhost:3000 - Duration: 851ms
[Global] GET /api/prophecies/1 - Status: 200 - Origin: http://localhost:3000 - Duration: 355ms
[Global] GET /api/prophecies/1 - Status: 304 - Origin: http://localhost:3000 - Duration: 91ms
[Global] GET /api/prophecy-highlight - Status: 304 - Origin: http://localhost:3000 - Duration: 428ms
[Global] GET /api/prophecy-highlight - Status: 304 - Origin: http://localhost:3000 - Duration: 157ms
[Global] GET /api/prophecies - Status: 304 - Origin: http://localhost:3000 - Duration: 1561ms
[Global] GET /assets/images/temple-bg.jpg - Status: 404 - Origin: undefined - Duration: 2ms
[Global] GET /api/prophecies - Status: 304 - Origin: http://localhost:3000 - Duration: 1503ms
[Global] GET /api/prophecies/zUIPoyWGcME - Status: 500 - Origin: http://localhost:3000 - Duration: 315ms
[Global] GET /api/prophecies/zUIPoyWGcME - Status: 500 - Origin: http://localhost:3000 - Duration: 106ms
[Global] GET /api/prophecies - Status: 500 - Origin: http://localhost:3000 - Duration: 10646ms
[Global] GET /api/prophecy-highlight - Status: 500 - Origin: http://localhost:3000 - Duration: 10650ms
[Global] GET /api/prophecies - Status: 500 - Origin: http://localhost:3000 - Duration: 10654ms
[Global] GET /api/prophecy-highlight - Status: 500 - Origin: http://localhost:3000 - Duration: 10644ms
[Global] GET /api/youtube - Status: 500 - Origin: http://localhost:3000 - Duration: 10664ms
[Global] GET /api/prophecies - Status: 500 - Origin: http://localhost:3000 - Duration: 7701ms
[Global] GET /api/prophecy-highlight - Status: 500 - Origin: http://localhost:3000 - Duration: 7699ms
[Global] GET /api/youtube - Status: 500 - Origin: http://localhost:3000 - Duration: 484ms
[Global] GET /api/prophecies - Status: 500 - Origin: http://localhost:3000 - Duration: 11ms
[Global] GET /api/prophecy-highlight - Status: 500 - Origin: http://localhost:3000 - Duration: 7ms
[Global] GET /api/youtube - Status: 500 - Origin: http://localhost:3000 - Duration: 10675ms
[Global] GET /api/prophecies - Status: 500 - Origin: http://localhost:3000 - Duration: 9435ms
[Global] GET /api/prophecy-highlight - Status: 500 - Origin: http://localhost:3000 - Duration: 9497ms
[Global] GET /api/youtube - Status: 500 - Origin: http://localhost:3000 - Duration: 566ms
[Global] GET /api/prophecies - Status: 500 - Origin: http://localhost:3000 - Duration: 10ms
[Global] GET /api/prophecy-highlight - Status: 500 - Origin: http://localhost:3000 - Duration: 5ms
[Global] GET /api/prophecies - Status: 500 - Origin: http://localhost:3000 - Duration: 10604ms
[Global] GET /api/prophecy-highlight - Status: 500 - Origin: http://localhost:3000 - Duration: 10598ms
[Global] GET /api/prophecies - Status: 500 - Origin: http://localhost:3000 - Duration: 10608ms
[Global] GET /api/prophecy-highlight - Status: 500 - Origin: http://localhost:3000 - Duration: 10618ms
[Global] GET /favicon.ico - Status: 404 - Origin: undefined - Duration: 12ms
[Global] GET /favicon.ico - Status: 404 - Origin: undefined - Duration: 1ms
[Global] GET /api/prophecy-highlight - Status: 200 - Origin: http://localhost:3000 - Duration: 1930ms
[Global] GET /api/prophecy-highlight - Status: 200 - Origin: http://localhost:3000 - Duration: 1928ms
[Global] GET /api/prophecies - Status: 200 - Origin: http://localhost:3000 - Duration: 3707ms
[Global] GET /assets/images/temple-bg.jpg - Status: 404 - Origin: undefined - Duration: 1ms
[Global] GET /api/prophecies - Status: 200 - Origin: http://localhost:3000 - Duration: 4512ms
[Global] GET /api/prophecies/MySBarjJXPw - Status: 200 - Origin: http://localhost:3000 - Duration: 15990ms
[Global] GET /api/prophecy-highlight - Status: 304 - Origin: http://localhost:3000 - Duration: 4632ms
[Global] GET /api/prophecies/MySBarjJXPw - Status: 304 - Origin: http://localhost:3000 - Duration: 1079ms
[Global] GET /api/prophecy-highlight - Status: 304 - Origin: http://localhost:3000 - Duration: 122ms
[Global] GET /api/prophecies - Status: 304 - Origin: http://localhost:3000 - Duration: 5560ms
[Global] GET /assets/images/temple-bg.jpg - Status: 404 - Origin: undefined - Duration: 1ms
[Global] GET /api/prophecies - Status: 304 - Origin: http://localhost:3000 - Duration: 994ms
[Global] GET /api/prophecies/5 - Status: 304 - Origin: http://localhost:3000 - Duration: 942ms
[Global] GET /api/prophecies/5 - Status: 304 - Origin: http://localhost:3000 - Duration: 171ms
[Global] GET /api/prophecy-highlight - Status: 304 - Origin: http://localhost:3000 - Duration: 941ms
[Global] GET /api/prophecy-highlight - Status: 304 - Origin: http://localhost:3000 - Duration: 672ms
[Global] GET /api/prophecies - Status: 304 - Origin: http://localhost:3000 - Duration: 2084ms
[Global] GET /assets/images/temple-bg.jpg - Status: 404 - Origin: undefined - Duration: 2ms
[Global] GET /api/prophecies - Status: 304 - Origin: http://localhost:3000 - Duration: 1115ms
[Global] GET /api/prophecies/RERM3kQ0BM4 - Status: 200 - Origin: http://localhost:3000 - Duration: 714ms
[Global] GET /api/prophecies/RERM3kQ0BM4 - Status: 304 - Origin: http://localhost:3000 - Duration: 294ms
[Global] GET /api/prophecy-highlight - Status: 304 - Origin: http://localhost:3000 - Duration: 798ms
[Global] GET /api/prophecy-highlight - Status: 304 - Origin: http://localhost:3000 - Duration: 122ms
[Global] GET /api/prophecies - Status: 304 - Origin: http://localhost:3000 - Duration: 2028ms
[Global] GET /assets/images/temple-bg.jpg - Status: 404 - Origin: undefined - Duration: 2ms
[Global] GET /api/prophecies - Status: 304 - Origin: http://localhost:3000 - Duration: 1414ms
[Global] GET /api/prophecies/_Jd8zUZcsnA - Status: 200 - Origin: http://localhost:3000 - Duration: 607ms
[Global] GET /api/prophecies/_Jd8zUZcsnA - Status: 304 - Origin: http://localhost:3000 - Duration: 283ms
[Global] GET /api/prophecy-highlight - Status: 304 - Origin: http://localhost:3000 - Duration: 921ms
[Global] GET /api/prophecy-highlight - Status: 304 - Origin: http://localhost:3000 - Duration: 203ms
[Global] GET /api/prophecies - Status: 304 - Origin: http://localhost:3000 - Duration: 2557ms
[Global] GET /assets/images/temple-bg.jpg - Status: 404 - Origin: undefined - Duration: 3ms
[Global] GET /api/prophecies - Status: 304 - Origin: http://localhost:3000 - Duration: 1575ms
[Global] GET /api/prophecies - Status: 500 - Origin: http://localhost:3000 - Duration: 11ms
[Global] GET /api/prophecy-highlight - Status: 500 - Origin: http://localhost:3000 - Duration: 7ms
[Global] GET /api/prophecies - Status: 500 - Origin: http://localhost:3000 - Duration: 11ms
[Global] GET /api/prophecy-highlight - Status: 500 - Origin: http://localhost:3000 - Duration: 13ms
[Global] GET /favicon.ico - Status: 404 - Origin: undefined - Duration: 2ms
[Global] GET /api/prophecy-highlight - Status: 200 - Origin: http://localhost:3000 - Duration: 6583ms
[Global] GET /api/prophecy-highlight - Status: 200 - Origin: http://localhost:3000 - Duration: 6779ms
[Global] GET /api/prophecies - Status: 200 - Origin: http://localhost:3000 - Duration: 23968ms
[Global] GET /assets/images/temple-bg.jpg - Status: 404 - Origin: undefined - Duration: 1ms
[Global] GET /api/prophecies/9 - Status: 200 - Origin: http://localhost:3000 - Duration: 7050ms
[Global] GET /api/prophecies/9 - Status: 200 - Origin: http://localhost:3000 - Duration: 7148ms
[Global] GET /api/prophecies - Status: 200 - Origin: http://localhost:3000 - Duration: 40893ms
[Global] GET /api/youtube - Status: 500 - Origin: http://localhost:3000 - Duration: 10636ms
[Global] GET /api/youtube - Status: 500 - Origin: http://localhost:3000 - Duration: 10632ms
[Global] GET /favicon.ico - Status: 404 - Origin: undefined - Duration: 1ms
[Global] GET /api/youtube - Status: 200 - Origin: http://localhost:3000 - Duration: 1561ms
[Global] GET /api/youtube - Status: 304 - Origin: http://localhost:3000 - Duration: 646ms
[Global] GET /api/prophecy-highlight - Status: 200 - Origin: http://localhost:3000 - Duration: 1414ms
[Global] GET /api/prophecy-highlight - Status: 304 - Origin: http://localhost:3000 - Duration: 797ms
[Global] GET /api/prophecies - Status: 200 - Origin: http://localhost:3000 - Duration: 3632ms
[Global] GET /api/prophecies - Status: 304 - Origin: http://localhost:3000 - Duration: 3962ms
[Global] GET /sitemap.xml - Status: 200 - Origin: undefined - Duration: 860ms
[Global] GET /api/youtube - Status: 200 - Origin: http://localhost:3000 - Duration: 359ms
[Global] GET /api/youtube - Status: 304 - Origin: http://localhost:3000 - Duration: 178ms
[Global] GET /api/prophecy-highlight - Status: 200 - Origin: http://localhost:3000 - Duration: 132ms
[Global] GET /api/prophecy-highlight - Status: 304 - Origin: http://localhost:3000 - Duration: 251ms
[Global] GET /api/prophecies - Status: 200 - Origin: http://localhost:3000 - Duration: 1337ms
[Global] GET /api/prophecies - Status: 304 - Origin: http://localhost:3000 - Duration: 975ms
[Global] GET /favicon.ico - Status: 404 - Origin: undefined - Duration: 5ms
[Global] GET /api/prophecies - Status: 500 - Origin: http://localhost:3000 - Duration: 10674ms
[Global] GET /api/prophecy-highlight - Status: 500 - Origin: http://localhost:3000 - Duration: 10672ms
[Global] GET /api/prophecies - Status: 500 - Origin: http://localhost:3000 - Duration: 10653ms
[Global] GET /api/prophecy-highlight - Status: 500 - Origin: http://localhost:3000 - Duration: 10650ms
[Global] GET /api/prophecy-highlight - Status: 200 - Origin: http://localhost:3000 - Duration: 4724ms
[Global] GET /api/youtube - Status: 304 - Origin: http://localhost:3000 - Duration: 6950ms
[Global] GET /api/prophecy-highlight - Status: 304 - Origin: http://localhost:3000 - Duration: 1340ms
[Global] GET /api/youtube - Status: 304 - Origin: http://localhost:3000 - Duration: 1430ms
[Global] GET /api/prophecies - Status: 200 - Origin: http://localhost:3000 - Duration: 7006ms
[Global] GET /assets/images/temple-bg.jpg - Status: 404 - Origin: undefined - Duration: 3ms
[Global] GET /api/prophecies - Status: 304 - Origin: http://localhost:3000 - Duration: 2490ms
[Global] GET /api/prophecies/3 - Status: 200 - Origin: http://localhost:3000 - Duration: 2686ms
[Global] GET /api/prophecies/3 - Status: 304 - Origin: http://localhost:3000 - Duration: 310ms
[Global] GET /api/prophecy-highlight - Status: 304 - Origin: http://localhost:3000 - Duration: 865ms
[Global] GET /api/prophecy-highlight - Status: 304 - Origin: http://localhost:3000 - Duration: 285ms
[Global] GET /api/prophecies - Status: 304 - Origin: http://localhost:3000 - Duration: 4310ms
[Global] GET /assets/images/temple-bg.jpg - Status: 404 - Origin: undefined - Duration: 2ms
[Global] GET /api/prophecies - Status: 304 - Origin: http://localhost:3000 - Duration: 991ms
[Global] GET /api/prophecies/Uh5d5gMmqYg - Status: 200 - Origin: http://localhost:3000 - Duration: 714ms
[Global] GET /api/prophecies/Uh5d5gMmqYg - Status: 304 - Origin: http://localhost:3000 - Duration: 448ms
[Global] GET /api/prophecy-highlight - Status: 304 - Origin: http://localhost:3000 - Duration: 407ms
[Global] GET /api/prophecy-highlight - Status: 304 - Origin: http://localhost:3000 - Duration: 372ms
[Global] GET /api/prophecies - Status: 304 - Origin: http://localhost:3000 - Duration: 1296ms
[Global] GET /assets/images/temple-bg.jpg - Status: 404 - Origin: undefined - Duration: 2ms
[Global] GET /api/prophecies - Status: 304 - Origin: http://localhost:3000 - Duration: 1528ms
[Global] GET /api/prophecies/PH2V-gaYKxg - Status: 200 - Origin: http://localhost:3000 - Duration: 411ms
[Global] GET /api/prophecies/PH2V-gaYKxg - Status: 304 - Origin: http://localhost:3000 - Duration: 270ms
[Global] GET /api/prophecy-highlight - Status: 304 - Origin: http://localhost:3000 - Duration: 338ms
[Global] GET /api/prophecy-highlight - Status: 304 - Origin: http://localhost:3000 - Duration: 183ms
[Global] GET /api/prophecies - Status: 304 - Origin: http://localhost:3000 - Duration: 5316ms
[Global] GET /assets/images/temple-bg.jpg - Status: 404 - Origin: undefined - Duration: 2ms
[Global] GET /api/prophecies - Status: 304 - Origin: http://localhost:3000 - Duration: 1398ms
[Global] GET /api/prophecies/7 - Status: 200 - Origin: http://localhost:3000 - Duration: 2953ms
[Global] GET /api/prophecies/7 - Status: 304 - Origin: http://localhost:3000 - Duration: 296ms
[Global] GET /api/prophecies/7 - Status: 304 - Origin: http://localhost:3000 - Duration: 2493ms
[Global] GET /api/prophecies/7 - Status: 200 - Origin: http://localhost:3000 - Duration: 2276ms
[Global] GET /api/prophecies/7 - Status: 200 - Origin: http://localhost:3000 - Duration: 2275ms
[Global] GET /api/prophecies - Status: 500 - Origin: http://localhost:3000 - Duration: 10669ms
[Global] GET /api/prophecy-highlight - Status: 500 - Origin: http://localhost:3000 - Duration: 10674ms
[Global] GET /api/prophecies - Status: 500 - Origin: http://localhost:3000 - Duration: 10692ms
[Global] GET /api/prophecy-highlight - Status: 500 - Origin: http://localhost:3000 - Duration: 10708ms
[Global] GET /favicon.ico - Status: 404 - Origin: undefined - Duration: 3ms
[Global] GET /api/prophecy-highlight - Status: 200 - Origin: http://localhost:3000 - Duration: 4199ms
[Global] GET /api/prophecy-highlight - Status: 200 - Origin: http://localhost:3000 - Duration: 4200ms
[Global] GET /favicon.ico - Status: 404 - Origin: undefined - Duration: 2ms
[Global] GET /api/prophecies - Status: 200 - Origin: http://localhost:3000 - Duration: 5594ms
[Global] GET /assets/images/temple-bg.jpg - Status: 404 - Origin: undefined - Duration: 2ms
[Global] GET /api/prophecies - Status: 200 - Origin: http://localhost:3000 - Duration: 5889ms
[Global] GET /api/prophecies/viXw8w34IC8 - Status: 200 - Origin: http://localhost:3000 - Duration: 1048ms
[Global] GET /api/prophecies/viXw8w34IC8 - Status: 304 - Origin: http://localhost:3000 - Duration: 541ms
[Global] GET /api/prophecy-highlight - Status: 304 - Origin: http://localhost:3000 - Duration: 695ms
[Global] GET /api/prophecy-highlight - Status: 304 - Origin: http://localhost:3000 - Duration: 623ms
[Global] GET /api/prophecies - Status: 304 - Origin: http://localhost:3000 - Duration: 2606ms
[Global] GET /assets/images/temple-bg.jpg - Status: 404 - Origin: undefined - Duration: 1ms
[Global] GET /api/prophecies - Status: 304 - Origin: http://localhost:3000 - Duration: 1959ms
[Global] GET /api/prophecies/viXw8w34IC8 - Status: 200 - Origin: undefined - Duration: 753ms
[Global] GET /favicon.ico - Status: 404 - Origin: undefined - Duration: 1ms
[Global] GET /api/prophecy-highlight - Status: 200 - Origin: http://localhost:3000 - Duration: 543ms
[Global] GET /api/prophecy-highlight - Status: 200 - Origin: http://localhost:3000 - Duration: 594ms
[Global] GET /api/prophecies - Status: 200 - Origin: http://localhost:3000 - Duration: 1091ms
[Global] GET /api/prophecies - Status: 200 - Origin: http://localhost:3000 - Duration: 1502ms
[Global] GET /assets/images/temple-bg.jpg - Status: 404 - Origin: undefined - Duration: 2ms
[Global] GET /api/prophecies/viXw8w34IC8 - Status: 304 - Origin: http://localhost:3000 - Duration: 371ms
[Global] GET /api/prophecies/viXw8w34IC8 - Status: 304 - Origin: http://localhost:3000 - Duration: 173ms
[Global] GET /api/prophecy-highlight - Status: 304 - Origin: http://localhost:3000 - Duration: 233ms
[Global] GET /api/prophecy-highlight - Status: 304 - Origin: http://localhost:3000 - Duration: 92ms
[Global] GET /api/prophecies - Status: 304 - Origin: http://localhost:3000 - Duration: 818ms
[Global] GET /assets/images/temple-bg.jpg - Status: 404 - Origin: undefined - Duration: 2ms
[Global] GET /api/prophecies - Status: 304 - Origin: http://localhost:3000 - Duration: 638ms
[Global] GET /api/prophecies/hI50AQkDV68 - Status: 200 - Origin: http://localhost:3000 - Duration: 335ms
[Global] GET /api/prophecies/hI50AQkDV68 - Status: 304 - Origin: http://localhost:3000 - Duration: 218ms
[Global] GET /api/prophecy-highlight - Status: 304 - Origin: http://localhost:3000 - Duration: 227ms
[Global] GET /api/prophecy-highlight - Status: 304 - Origin: http://localhost:3000 - Duration: 118ms
[Global] GET /api/prophecies - Status: 304 - Origin: http://localhost:3000 - Duration: 651ms
[Global] GET /assets/images/temple-bg.jpg - Status: 404 - Origin: undefined - Duration: 1ms
[Global] GET /api/prophecies - Status: 304 - Origin: http://localhost:3000 - Duration: 622ms
[Global] GET /favicon.ico - Status: 404 - Origin: undefined - Duration: 3ms
[Global] GET /api/prophecy-highlight - Status: 200 - Origin: http://localhost:3000 - Duration: 619ms
[Global] GET /api/prophecy-highlight - Status: 200 - Origin: http://localhost:3000 - Duration: 623ms
[Global] GET /api/prophecies - Status: 200 - Origin: http://localhost:3000 - Duration: 1872ms
[Global] GET /api/prophecies - Status: 200 - Origin: http://localhost:3000 - Duration: 1988ms
[Global] GET /assets/images/temple-bg.jpg - Status: 404 - Origin: undefined - Duration: 2ms
[Global] GET /api/prophecies/MySBarjJXPw - Status: 304 - Origin: http://localhost:3000 - Duration: 340ms
[Global] GET /api/prophecies/MySBarjJXPw - Status: 304 - Origin: http://localhost:3000 - Duration: 170ms
[Global] GET /api/prophecies/MySBarjJXPw - Status: 404 - Origin: http://localhost:3000 - Duration: 21241ms
[Global] GET /favicon.ico - Status: 404 - Origin: undefined - Duration: 1ms
[Global] GET /api/prophecies/MySBarjJXPw - Status: 200 - Origin: http://localhost:3000 - Duration: 588ms
[Global] GET /api/prophecies/MySBarjJXPw - Status: 200 - Origin: http://localhost:3000 - Duration: 641ms
[Global] GET /api/prophecies/viXw8w34IC8 - Status: 200 - Origin: undefined - Duration: 568ms
[Global] GET /api/prophecies/MySBarjJXPw - Status: 304 - Origin: http://localhost:3000 - Duration: 339ms
[Global] GET /favicon.ico - Status: 404 - Origin: undefined - Duration: 0ms
[Global] GET /api/prophecies/MySBarjJXPw - Status: 200 - Origin: http://localhost:3000 - Duration: 1212ms
[Global] GET /api/prophecies/MySBarjJXPw - Status: 200 - Origin: http://localhost:3000 - Duration: 1217ms
[Global] GET /api/prophecy-highlight - Status: 304 - Origin: http://localhost:3000 - Duration: 353ms
[Global] GET /api/prophecy-highlight - Status: 304 - Origin: http://localhost:3000 - Duration: 106ms
[Global] GET /api/prophecies - Status: 304 - Origin: http://localhost:3000 - Duration: 1303ms
[Global] GET /assets/images/temple-bg.jpg - Status: 404 - Origin: undefined - Duration: 2ms
[Global] GET /api/prophecies - Status: 304 - Origin: http://localhost:3000 - Duration: 1045ms
[Global] GET /api/prophecies/agfx_ALVoBQ - Status: 200 - Origin: http://localhost:3000 - Duration: 455ms
[Global] GET /api/prophecies/agfx_ALVoBQ - Status: 304 - Origin: http://localhost:3000 - Duration: 213ms
[Global] GET /api/prophecy-highlight - Status: 304 - Origin: http://localhost:3000 - Duration: 901ms
[Global] GET /api/prophecy-highlight - Status: 304 - Origin: http://localhost:3000 - Duration: 145ms
[Global] GET /api/prophecies - Status: 304 - Origin: http://localhost:3000 - Duration: 1820ms
[Global] GET /assets/images/temple-bg.jpg - Status: 404 - Origin: undefined - Duration: 1ms
[Global] GET /api/prophecies - Status: 304 - Origin: http://localhost:3000 - Duration: 2989ms
[Global] GET /api/youtube - Status: 304 - Origin: http://localhost:3000 - Duration: 225ms
[Global] GET /api/youtube - Status: 304 - Origin: http://localhost:3000 - Duration: 315ms
[Global] GET /api/prophecy-highlight - Status: 304 - Origin: http://localhost:3000 - Duration: 255ms
[Global] GET /api/prophecy-highlight - Status: 304 - Origin: http://localhost:3000 - Duration: 89ms
[Global] GET /api/prophecies - Status: 304 - Origin: http://localhost:3000 - Duration: 1287ms
[Global] GET /api/prophecies - Status: 304 - Origin: http://localhost:3000 - Duration: 1267ms
[Global] GET /api/prophecy-highlight - Status: 304 - Origin: http://localhost:3000 - Duration: 937ms
[Global] GET /api/prophecy-highlight - Status: 304 - Origin: http://localhost:3000 - Duration: 238ms
[Global] GET /api/prophecies - Status: 304 - Origin: http://localhost:3000 - Duration: 2479ms
[Global] GET /assets/images/temple-bg.jpg - Status: 404 - Origin: undefined - Duration: 2ms
[Global] GET /api/prophecies - Status: 304 - Origin: http://localhost:3000 - Duration: 1330ms
[Global] GET /api/prophecies/2 - Status: 200 - Origin: http://localhost:3000 - Duration: 315ms
[Global] GET /api/prophecies/2 - Status: 304 - Origin: http://localhost:3000 - Duration: 146ms
[Global] GET /api/prophecy-highlight - Status: 304 - Origin: http://localhost:3000 - Duration: 319ms
[Global] GET /api/prophecy-highlight - Status: 304 - Origin: http://localhost:3000 - Duration: 165ms
[Global] GET /api/prophecies - Status: 304 - Origin: http://localhost:3000 - Duration: 2271ms
[Global] GET /assets/images/temple-bg.jpg - Status: 404 - Origin: undefined - Duration: 1ms
[Global] GET /api/prophecies - Status: 304 - Origin: http://localhost:3000 - Duration: 1250ms
[Global] GET /api/prophecies/_Jd8zUZcsnA - Status: 304 - Origin: http://localhost:3000 - Duration: 441ms
[Global] GET /api/prophecies/_Jd8zUZcsnA - Status: 304 - Origin: http://localhost:3000 - Duration: 177ms
[Global] GET /api/prophecy-highlight - Status: 304 - Origin: http://localhost:3000 - Duration: 341ms
[Global] GET /api/prophecy-highlight - Status: 304 - Origin: http://localhost:3000 - Duration: 287ms
[Global] GET /api/prophecies - Status: 304 - Origin: http://localhost:3000 - Duration: 1401ms
[Global] GET /assets/images/temple-bg.jpg - Status: 404 - Origin: undefined - Duration: 1ms
[Global] GET /api/prophecies - Status: 304 - Origin: http://localhost:3000 - Duration: 1240ms
[Global] GET /api/prophecies/f-aD5ncUzb4 - Status: 200 - Origin: http://localhost:3000 - Duration: 732ms
[Global] GET /api/prophecies/f-aD5ncUzb4 - Status: 304 - Origin: http://localhost:3000 - Duration: 275ms
[Global] GET /api/prophecy-highlight - Status: 304 - Origin: http://localhost:3000 - Duration: 249ms
[Global] GET /api/prophecy-highlight - Status: 304 - Origin: http://localhost:3000 - Duration: 132ms
[Global] GET /api/prophecies - Status: 304 - Origin: http://localhost:3000 - Duration: 1424ms
[Global] GET /assets/images/temple-bg.jpg - Status: 404 - Origin: undefined - Duration: 2ms
[Global] GET /api/prophecies - Status: 304 - Origin: http://localhost:3000 - Duration: 1171ms
[Global] GET /api/youtube - Status: 304 - Origin: http://localhost:3000 - Duration: 301ms
[Global] GET /api/youtube - Status: 304 - Origin: http://localhost:3000 - Duration: 262ms
[Global] GET /api/prophecy-highlight - Status: 304 - Origin: http://localhost:3000 - Duration: 284ms
[Global] GET /api/prophecy-highlight - Status: 304 - Origin: http://localhost:3000 - Duration: 76ms
[Global] GET /api/prophecies - Status: 304 - Origin: http://localhost:3000 - Duration: 1754ms
[Global] GET /api/prophecies - Status: 304 - Origin: http://localhost:3000 - Duration: 1544ms
[Global] GET /api/announcements - Status: 304 - Origin: http://localhost:3000 - Duration: 267ms
[Global] GET /api/announcements - Status: 304 - Origin: http://localhost:3000 - Duration: 112ms
[Global] GET /api/satvic/recipes?metadata=true - Status: 304 - Origin: http://localhost:3000 - Duration: 2ms
[Global] GET /api/satvic/recipes?limit=12&offset=0 - Status: 304 - Origin: http://localhost:3000 - Duration: 1ms
[Global] GET /api/satvic/recipes?metadata=true - Status: 304 - Origin: http://localhost:3000 - Duration: 2ms
[Global] GET /api/satvic/recipes?limit=12&offset=0 - Status: 304 - Origin: http://localhost:3000 - Duration: 2ms
[Global] GET /api/satvic/stats - Status: 304 - Origin: http://localhost:3000 - Duration: 628ms
[Global] GET /api/satvic/stats - Status: 304 - Origin: http://localhost:3000 - Duration: 797ms
[Global] GET /api/prophecy-highlight - Status: 304 - Origin: http://localhost:3000 - Duration: 281ms
[Global] GET /api/prophecy-highlight - Status: 304 - Origin: http://localhost:3000 - Duration: 88ms
[Global] GET /api/prophecies - Status: 304 - Origin: http://localhost:3000 - Duration: 1812ms
[Global] GET /api/prophecies - Status: 304 - Origin: http://localhost:3000 - Duration: 1250ms
[Global] GET /api/prophecies - Status: 304 - Origin: http://localhost:3000 - Duration: 1174ms
[Global] GET /api/prophecies - Status: 304 - Origin: http://localhost:3000 - Duration: 1090ms
[Global] GET /api/prophecies - Status: 304 - Origin: http://localhost:3000 - Duration: 978ms
[Global] GET /api/prophecy-highlight - Status: 304 - Origin: http://localhost:3000 - Duration: 336ms
[Global] GET /api/prophecy-highlight - Status: 304 - Origin: http://localhost:3000 - Duration: 117ms
[Global] GET /api/prophecies - Status: 304 - Origin: http://localhost:3000 - Duration: 1175ms
[Global] GET /api/prophecies - Status: 304 - Origin: http://localhost:3000 - Duration: 1060ms
[Global] GET /assets/images/temple-bg.jpg - Status: 404 - Origin: undefined - Duration: 2ms
[Global] GET /api/gallery - Status: 304 - Origin: http://localhost:3000 - Duration: 198ms
[Global] GET /1768721086726-ukm4.png - Status: 304 - Origin: undefined - Duration: 10ms
[Global] GET /1768721116098-images.jpg - Status: 304 - Origin: undefined - Duration: 8ms
[Global] GET /1768721102146-ukm12.png - Status: 304 - Origin: undefined - Duration: 2ms
[Global] GET /1768721167685-download.jpg - Status: 304 - Origin: undefined - Duration: 5ms
[Global] GET /uploads/1768724269697-Amit%20shah.png - Status: 404 - Origin: undefined - Duration: 8ms
[Global] GET /1768722085285-saket%20misra.png - Status: 304 - Origin: undefined - Duration: 10ms
[Global] GET /1768721468568-baba%20ji%20with%20cm%20mohan%20yadav.png - Status: 304 - Origin: undefined - Duration: 10ms
[Global] GET /api/gallery - Status: 304 - Origin: http://localhost:3000 - Duration: 99ms
[Global] GET /api/prophecies - Status: 304 - Origin: http://localhost:3000 - Duration: 1380ms
[Global] GET /api/virtual_tours - Status: 304 - Origin: http://localhost:3000 - Duration: 90ms
[Global] GET /api/virtual_tours - Status: 304 - Origin: http://localhost:3000 - Duration: 94ms
[Global] GET /api/gallery - Status: 304 - Origin: http://localhost:3000 - Duration: 95ms
[Global] GET /1768721086726-ukm4.png - Status: 304 - Origin: undefined - Duration: 4ms
[Global] GET /1768721102146-ukm12.png - Status: 304 - Origin: undefined - Duration: 4ms
[Global] GET /1768721116098-images.jpg - Status: 304 - Origin: undefined - Duration: 7ms
[Global] GET /1768721167685-download.jpg - Status: 304 - Origin: undefined - Duration: 6ms
[Global] GET /1768721468568-baba%20ji%20with%20cm%20mohan%20yadav.png - Status: 304 - Origin: undefined - Duration: 5ms
[Global] GET /uploads/1768724269697-Amit%20shah.png - Status: 404 - Origin: undefined - Duration: 3ms
[Global] GET /1768722085285-saket%20misra.png - Status: 304 - Origin: undefined - Duration: 3ms
[Global] GET /api/gallery - Status: 304 - Origin: http://localhost:3000 - Duration: 94ms
[Global] GET /api/virtual_tours - Status: 304 - Origin: http://localhost:3000 - Duration: 97ms
[Global] GET /api/virtual_tours - Status: 304 - Origin: http://localhost:3000 - Duration: 111ms
[Global] GET /api/downloads - Status: 304 - Origin: http://localhost:3000 - Duration: 99ms
[Global] GET /api/downloads - Status: 304 - Origin: http://localhost:3000 - Duration: 154ms
[Global] GET /api/literature - Status: 304 - Origin: http://localhost:3000 - Duration: 111ms
[Global] GET /api/literature - Status: 304 - Origin: http://localhost:3000 - Duration: 101ms
[Global] GET /api/youtube - Status: 304 - Origin: http://localhost:3000 - Duration: 872ms
[Global] GET /api/youtube - Status: 304 - Origin: http://localhost:3000 - Duration: 264ms
[Global] GET /api/prophecy-highlight - Status: 304 - Origin: http://localhost:3000 - Duration: 307ms
[Global] GET /api/prophecy-highlight - Status: 304 - Origin: http://localhost:3000 - Duration: 102ms
[Global] GET /api/prophecies - Status: 304 - Origin: http://localhost:3000 - Duration: 1501ms
[Global] GET /api/prophecies - Status: 304 - Origin: http://localhost:3000 - Duration: 1157ms
[Global] GET /api/prophecy-highlight - Status: 304 - Origin: http://localhost:3000 - Duration: 425ms
[Global] GET /api/prophecy-highlight - Status: 304 - Origin: http://localhost:3000 - Duration: 392ms
[Global] GET /api/prophecies - Status: 304 - Origin: http://localhost:3000 - Duration: 1597ms
[Global] GET /assets/images/temple-bg.jpg - Status: 404 - Origin: undefined - Duration: 2ms
[Global] GET /api/prophecies - Status: 304 - Origin: http://localhost:3000 - Duration: 689ms
[Global] GET /api/prophecies/viXw8w34IC8 - Status: 304 - Origin: http://localhost:3000 - Duration: 267ms
[Global] GET /api/prophecies/viXw8w34IC8 - Status: 304 - Origin: http://localhost:3000 - Duration: 160ms
[Global] GET /api/prophecy-highlight - Status: 304 - Origin: http://localhost:3000 - Duration: 278ms
[Global] GET /api/prophecy-highlight - Status: 304 - Origin: http://localhost:3000 - Duration: 121ms
[Global] GET /api/prophecies - Status: 304 - Origin: http://localhost:3000 - Duration: 723ms
[Global] GET /assets/images/temple-bg.jpg - Status: 404 - Origin: undefined - Duration: 1ms
[Global] GET /api/prophecies - Status: 304 - Origin: http://localhost:3000 - Duration: 533ms
[Global] GET /api/youtube - Status: 304 - Origin: http://localhost:3000 - Duration: 227ms
[Global] GET /api/youtube - Status: 304 - Origin: http://localhost:3000 - Duration: 162ms
[Global] GET /api/prophecy-highlight - Status: 304 - Origin: http://localhost:3000 - Duration: 315ms
[Global] GET /api/prophecy-highlight - Status: 304 - Origin: http://localhost:3000 - Duration: 84ms
[Global] GET /api/prophecies - Status: 304 - Origin: http://localhost:3000 - Duration: 1188ms
[Global] GET /api/prophecies - Status: 304 - Origin: http://localhost:3000 - Duration: 680ms
[Global] GET /youtube - Status: 429 - Origin: http://localhost:3000 - Duration: 3ms
[Global] GET /youtube - Status: 429 - Origin: http://localhost:3000 - Duration: 1ms
[Global] GET /prophecies - Status: 429 - Origin: http://localhost:3000 - Duration: 1ms
[Global] GET /prophecy-highlight - Status: 429 - Origin: http://localhost:3000 - Duration: 1ms
[Global] GET /prophecies - Status: 429 - Origin: http://localhost:3000 - Duration: 1ms
[Global] GET /prophecy-highlight - Status: 429 - Origin: http://localhost:3000 - Duration: 1ms
[Global] GET /youtube - Status: 429 - Origin: http://localhost:3000 - Duration: 1ms
[Global] GET /youtube - Status: 429 - Origin: http://localhost:3000 - Duration: 1ms
[Global] GET /prophecies - Status: 429 - Origin: http://localhost:3000 - Duration: 1ms
[Global] GET /prophecy-highlight - Status: 429 - Origin: http://localhost:3000 - Duration: 1ms
[Global] GET /prophecies - Status: 429 - Origin: http://localhost:3000 - Duration: 1ms
[Global] GET /prophecy-highlight - Status: 429 - Origin: http://localhost:3000 - Duration: 1ms
[Global] GET /youtube - Status: 429 - Origin: http://localhost:3000 - Duration: 1ms
[Global] GET /youtube - Status: 429 - Origin: http://localhost:3000 - Duration: 1ms
[Global] GET /prophecies - Status: 429 - Origin: http://localhost:3000 - Duration: 1ms
[Global] GET /prophecy-highlight - Status: 429 - Origin: http://localhost:3000 - Duration: 1ms
[Global] GET /prophecies - Status: 429 - Origin: http://localhost:3000 - Duration: 2ms
[Global] GET /prophecy-highlight - Status: 429 - Origin: http://localhost:3000 - Duration: 2ms
[Global] GET /gallery - Status: 429 - Origin: http://localhost:3000 - Duration: 1ms
[Global] GET /favicon.ico - Status: 404 - Origin: undefined - Duration: 1ms
[Global] GET /gallery - Status: 429 - Origin: http://localhost:3000 - Duration: 1ms
[Global] GET /virtual_tours - Status: 429 - Origin: http://localhost:3000 - Duration: 2ms
[Global] GET /virtual_tours - Status: 429 - Origin: http://localhost:3000 - Duration: 1ms
[Global] GET /downloads - Status: 429 - Origin: http://localhost:3000 - Duration: 1ms
[Global] GET /downloads - Status: 429 - Origin: http://localhost:3000 - Duration: 2ms
[Global] GET /literature - Status: 429 - Origin: http://localhost:3000 - Duration: 2ms
[Global] GET /literature - Status: 429 - Origin: http://localhost:3000 - Duration: 2ms
[Global] GET /downloads - Status: 429 - Origin: http://localhost:3000 - Duration: 1ms
[Global] GET /downloads - Status: 429 - Origin: http://localhost:3000 - Duration: 1ms
[Global] GET /sitemap.xml - Status: 200 - Origin: undefined - Duration: 1577ms
